<?xml version="1.0" encoding="UTF-8"?>
<testsuite name="rspec" tests="130" skipped="0" failures="104" errors="0" time="16.562810" timestamp="2020-05-07T10:34:03+01:00" hostname="Christophers-MacBook-Pro.local">
<properties>
<property name="seed" value="15040"/>
</properties>
<testcase classname="spec.classes.role__custom_windows_on_AIX-6" name="role::custom_windows using fact set AIX-6.1-powerpc is expected to compile into a catalogue without dependency cycles" file="./spec/classes/role__custom_windows_on_AIX-6.1-powerpc_spec.rb" time="0.200632"><failure message="error during compilation: Evaluation Error: Error while evaluating a Function Call, Could not find class ::role::custom_windows for christophers-macbook-pro.local (line: 11, column: 1) on node christophers-macbook-pro.local" type="RSpec::Expectations::ExpectationNotMetError">Failure/Error: it { should compile }
  error during compilation: Evaluation Error: Error while evaluating a Function Call, Could not find class ::role::custom_windows for christophers-macbook-pro.local (line: 11, column: 1) on node christophers-macbook-pro.local
./spec/classes/role__custom_windows_on_AIX-6.1-powerpc_spec.rb:37:in `block (3 levels) in &lt;top (required)&gt;&apos;</failure></testcase>
<testcase classname="spec.classes.role__custom_windows_on_AIX-7" name="role::custom_windows using fact set AIX-7.1-powerpc is expected to compile into a catalogue without dependency cycles" file="./spec/classes/role__custom_windows_on_AIX-7.1-powerpc_spec.rb" time="0.022367"><failure message="error during compilation: Evaluation Error: Error while evaluating a Function Call, Could not find class ::role::custom_windows for christophers-macbook-pro.local (line: 11, column: 1) on node christophers-macbook-pro.local" type="RSpec::Expectations::ExpectationNotMetError">Failure/Error: it { should compile }
  error during compilation: Evaluation Error: Error while evaluating a Function Call, Could not find class ::role::custom_windows for christophers-macbook-pro.local (line: 11, column: 1) on node christophers-macbook-pro.local
./spec/classes/role__custom_windows_on_AIX-7.1-powerpc_spec.rb:37:in `block (3 levels) in &lt;top (required)&gt;&apos;</failure></testcase>
<testcase classname="spec.classes.role__custom_windows_on_Amazon-2018" name="role::custom_windows using fact set Amazon-2018.03 is expected to compile into a catalogue without dependency cycles" file="./spec/classes/role__custom_windows_on_Amazon-2018.03_spec.rb" time="0.023220"><failure message="error during compilation: Evaluation Error: Error while evaluating a Function Call, Could not find class ::role::custom_windows for christophers-macbook-pro.local (line: 11, column: 1) on node christophers-macbook-pro.local" type="RSpec::Expectations::ExpectationNotMetError">Failure/Error: it { should compile }
  error during compilation: Evaluation Error: Error while evaluating a Function Call, Could not find class ::role::custom_windows for christophers-macbook-pro.local (line: 11, column: 1) on node christophers-macbook-pro.local
./spec/classes/role__custom_windows_on_Amazon-2018.03_spec.rb:37:in `block (3 levels) in &lt;top (required)&gt;&apos;</failure></testcase>
<testcase classname="spec.classes.role__custom_windows_on_CentOS-5" name="role::custom_windows using fact set CentOS-5.11-32 is expected to compile into a catalogue without dependency cycles" file="./spec/classes/role__custom_windows_on_CentOS-5.11-32_spec.rb" time="0.032986"><failure message="error during compilation: Evaluation Error: Error while evaluating a Function Call, Could not find class ::role::custom_windows for christophers-macbook-pro.local (line: 11, column: 1) on node christophers-macbook-pro.local" type="RSpec::Expectations::ExpectationNotMetError">Failure/Error: it { should compile }
  error during compilation: Evaluation Error: Error while evaluating a Function Call, Could not find class ::role::custom_windows for christophers-macbook-pro.local (line: 11, column: 1) on node christophers-macbook-pro.local
./spec/classes/role__custom_windows_on_CentOS-5.11-32_spec.rb:37:in `block (3 levels) in &lt;top (required)&gt;&apos;</failure></testcase>
<testcase classname="spec.classes.role__custom_windows_on_CentOS-5" name="role::custom_windows using fact set CentOS-5.11-64 is expected to compile into a catalogue without dependency cycles" file="./spec/classes/role__custom_windows_on_CentOS-5.11-64_spec.rb" time="0.023605"><failure message="error during compilation: Evaluation Error: Error while evaluating a Function Call, Could not find class ::role::custom_windows for christophers-macbook-pro.local (line: 11, column: 1) on node christophers-macbook-pro.local" type="RSpec::Expectations::ExpectationNotMetError">Failure/Error: it { should compile }
  error during compilation: Evaluation Error: Error while evaluating a Function Call, Could not find class ::role::custom_windows for christophers-macbook-pro.local (line: 11, column: 1) on node christophers-macbook-pro.local
./spec/classes/role__custom_windows_on_CentOS-5.11-64_spec.rb:37:in `block (3 levels) in &lt;top (required)&gt;&apos;</failure></testcase>
<testcase classname="spec.classes.role__custom_windows_on_CentOS-6" name="role::custom_windows using fact set CentOS-6.6-32 is expected to compile into a catalogue without dependency cycles" file="./spec/classes/role__custom_windows_on_CentOS-6.6-32_spec.rb" time="0.021413"><failure message="error during compilation: Evaluation Error: Error while evaluating a Function Call, Could not find class ::role::custom_windows for christophers-macbook-pro.local (line: 11, column: 1) on node christophers-macbook-pro.local" type="RSpec::Expectations::ExpectationNotMetError">Failure/Error: it { should compile }
  error during compilation: Evaluation Error: Error while evaluating a Function Call, Could not find class ::role::custom_windows for christophers-macbook-pro.local (line: 11, column: 1) on node christophers-macbook-pro.local
./spec/classes/role__custom_windows_on_CentOS-6.6-32_spec.rb:37:in `block (3 levels) in &lt;top (required)&gt;&apos;</failure></testcase>
<testcase classname="spec.classes.role__custom_windows_on_CentOS-6" name="role::custom_windows using fact set CentOS-6.6-64 is expected to compile into a catalogue without dependency cycles" file="./spec/classes/role__custom_windows_on_CentOS-6.6-64_spec.rb" time="0.021499"><failure message="error during compilation: Evaluation Error: Error while evaluating a Function Call, Could not find class ::role::custom_windows for christophers-macbook-pro.local (line: 11, column: 1) on node christophers-macbook-pro.local" type="RSpec::Expectations::ExpectationNotMetError">Failure/Error: it { should compile }
  error during compilation: Evaluation Error: Error while evaluating a Function Call, Could not find class ::role::custom_windows for christophers-macbook-pro.local (line: 11, column: 1) on node christophers-macbook-pro.local
./spec/classes/role__custom_windows_on_CentOS-6.6-64_spec.rb:37:in `block (3 levels) in &lt;top (required)&gt;&apos;</failure></testcase>
<testcase classname="spec.classes.role__custom_windows_on_CentOS-7" name="role::custom_windows using fact set CentOS-7.0-64 is expected to compile into a catalogue without dependency cycles" file="./spec/classes/role__custom_windows_on_CentOS-7.0-64_spec.rb" time="0.029130"><failure message="error during compilation: Evaluation Error: Error while evaluating a Function Call, Could not find class ::role::custom_windows for christophers-macbook-pro.local (line: 11, column: 1) on node christophers-macbook-pro.local" type="RSpec::Expectations::ExpectationNotMetError">Failure/Error: it { should compile }
  error during compilation: Evaluation Error: Error while evaluating a Function Call, Could not find class ::role::custom_windows for christophers-macbook-pro.local (line: 11, column: 1) on node christophers-macbook-pro.local
./spec/classes/role__custom_windows_on_CentOS-7.0-64_spec.rb:37:in `block (3 levels) in &lt;top (required)&gt;&apos;</failure></testcase>
<testcase classname="spec.classes.role__custom_windows_on_Debian-6" name="role::custom_windows using fact set Debian-6.0.10-32 is expected to compile into a catalogue without dependency cycles" file="./spec/classes/role__custom_windows_on_Debian-6.0.10-32_spec.rb" time="0.020967"><failure message="error during compilation: Evaluation Error: Error while evaluating a Function Call, Could not find class ::role::custom_windows for christophers-macbook-pro.local (line: 11, column: 1) on node christophers-macbook-pro.local" type="RSpec::Expectations::ExpectationNotMetError">Failure/Error: it { should compile }
  error during compilation: Evaluation Error: Error while evaluating a Function Call, Could not find class ::role::custom_windows for christophers-macbook-pro.local (line: 11, column: 1) on node christophers-macbook-pro.local
./spec/classes/role__custom_windows_on_Debian-6.0.10-32_spec.rb:37:in `block (3 levels) in &lt;top (required)&gt;&apos;</failure></testcase>
<testcase classname="spec.classes.role__custom_windows_on_Debian-6" name="role::custom_windows using fact set Debian-6.0.10-64 is expected to compile into a catalogue without dependency cycles" file="./spec/classes/role__custom_windows_on_Debian-6.0.10-64_spec.rb" time="0.021509"><failure message="error during compilation: Evaluation Error: Error while evaluating a Function Call, Could not find class ::role::custom_windows for christophers-macbook-pro.local (line: 11, column: 1) on node christophers-macbook-pro.local" type="RSpec::Expectations::ExpectationNotMetError">Failure/Error: it { should compile }
  error during compilation: Evaluation Error: Error while evaluating a Function Call, Could not find class ::role::custom_windows for christophers-macbook-pro.local (line: 11, column: 1) on node christophers-macbook-pro.local
./spec/classes/role__custom_windows_on_Debian-6.0.10-64_spec.rb:37:in `block (3 levels) in &lt;top (required)&gt;&apos;</failure></testcase>
<testcase classname="spec.classes.role__custom_windows_on_Debian-7" name="role::custom_windows using fact set Debian-7.8-32 is expected to compile into a catalogue without dependency cycles" file="./spec/classes/role__custom_windows_on_Debian-7.8-32_spec.rb" time="0.030186"><failure message="error during compilation: Evaluation Error: Error while evaluating a Function Call, Could not find class ::role::custom_windows for christophers-macbook-pro.local (line: 11, column: 1) on node christophers-macbook-pro.local" type="RSpec::Expectations::ExpectationNotMetError">Failure/Error: it { should compile }
  error during compilation: Evaluation Error: Error while evaluating a Function Call, Could not find class ::role::custom_windows for christophers-macbook-pro.local (line: 11, column: 1) on node christophers-macbook-pro.local
./spec/classes/role__custom_windows_on_Debian-7.8-32_spec.rb:37:in `block (3 levels) in &lt;top (required)&gt;&apos;</failure></testcase>
<testcase classname="spec.classes.role__custom_windows_on_Debian-7" name="role::custom_windows using fact set Debian-7.8-64 is expected to compile into a catalogue without dependency cycles" file="./spec/classes/role__custom_windows_on_Debian-7.8-64_spec.rb" time="0.023000"><failure message="error during compilation: Evaluation Error: Error while evaluating a Function Call, Could not find class ::role::custom_windows for christophers-macbook-pro.local (line: 11, column: 1) on node christophers-macbook-pro.local" type="RSpec::Expectations::ExpectationNotMetError">Failure/Error: it { should compile }
  error during compilation: Evaluation Error: Error while evaluating a Function Call, Could not find class ::role::custom_windows for christophers-macbook-pro.local (line: 11, column: 1) on node christophers-macbook-pro.local
./spec/classes/role__custom_windows_on_Debian-7.8-64_spec.rb:37:in `block (3 levels) in &lt;top (required)&gt;&apos;</failure></testcase>
<testcase classname="spec.classes.role__custom_windows_on_RHEL-6" name="role::custom_windows using fact set RHEL-6.7 is expected to compile into a catalogue without dependency cycles" file="./spec/classes/role__custom_windows_on_RHEL-6.7_spec.rb" time="0.021970"><failure message="error during compilation: Evaluation Error: Error while evaluating a Function Call, Could not find class ::role::custom_windows for christophers-macbook-pro.local (line: 11, column: 1) on node christophers-macbook-pro.local" type="RSpec::Expectations::ExpectationNotMetError">Failure/Error: it { should compile }
  error during compilation: Evaluation Error: Error while evaluating a Function Call, Could not find class ::role::custom_windows for christophers-macbook-pro.local (line: 11, column: 1) on node christophers-macbook-pro.local
./spec/classes/role__custom_windows_on_RHEL-6.7_spec.rb:37:in `block (3 levels) in &lt;top (required)&gt;&apos;</failure></testcase>
<testcase classname="spec.classes.role__custom_windows_on_RHEL-7" name="role::custom_windows using fact set RHEL-7.4 is expected to compile into a catalogue without dependency cycles" file="./spec/classes/role__custom_windows_on_RHEL-7.4_spec.rb" time="0.022197"><failure message="error during compilation: Evaluation Error: Error while evaluating a Function Call, Could not find class ::role::custom_windows for christophers-macbook-pro.local (line: 11, column: 1) on node christophers-macbook-pro.local" type="RSpec::Expectations::ExpectationNotMetError">Failure/Error: it { should compile }
  error during compilation: Evaluation Error: Error while evaluating a Function Call, Could not find class ::role::custom_windows for christophers-macbook-pro.local (line: 11, column: 1) on node christophers-macbook-pro.local
./spec/classes/role__custom_windows_on_RHEL-7.4_spec.rb:37:in `block (3 levels) in &lt;top (required)&gt;&apos;</failure></testcase>
<testcase classname="spec.classes.role__custom_windows_on_SLES-11" name="role::custom_windows using fact set SLES-11.3-64 is expected to compile into a catalogue without dependency cycles" file="./spec/classes/role__custom_windows_on_SLES-11.3-64_spec.rb" time="0.029133"><failure message="error during compilation: Evaluation Error: Error while evaluating a Function Call, Could not find class ::role::custom_windows for christophers-macbook-pro.local (line: 11, column: 1) on node christophers-macbook-pro.local" type="RSpec::Expectations::ExpectationNotMetError">Failure/Error: it { should compile }
  error during compilation: Evaluation Error: Error while evaluating a Function Call, Could not find class ::role::custom_windows for christophers-macbook-pro.local (line: 11, column: 1) on node christophers-macbook-pro.local
./spec/classes/role__custom_windows_on_SLES-11.3-64_spec.rb:37:in `block (3 levels) in &lt;top (required)&gt;&apos;</failure></testcase>
<testcase classname="spec.classes.role__custom_windows_on_SLES-12" name="role::custom_windows using fact set SLES-12.1-64 is expected to compile into a catalogue without dependency cycles" file="./spec/classes/role__custom_windows_on_SLES-12.1-64_spec.rb" time="0.021174"><failure message="error during compilation: Evaluation Error: Error while evaluating a Function Call, Could not find class ::role::custom_windows for christophers-macbook-pro.local (line: 11, column: 1) on node christophers-macbook-pro.local" type="RSpec::Expectations::ExpectationNotMetError">Failure/Error: it { should compile }
  error during compilation: Evaluation Error: Error while evaluating a Function Call, Could not find class ::role::custom_windows for christophers-macbook-pro.local (line: 11, column: 1) on node christophers-macbook-pro.local
./spec/classes/role__custom_windows_on_SLES-12.1-64_spec.rb:37:in `block (3 levels) in &lt;top (required)&gt;&apos;</failure></testcase>
<testcase classname="spec.classes.role__custom_windows_on_Ubuntu-12" name="role::custom_windows using fact set Ubuntu-12.04-32 is expected to compile into a catalogue without dependency cycles" file="./spec/classes/role__custom_windows_on_Ubuntu-12.04-32_spec.rb" time="0.021067"><failure message="error during compilation: Evaluation Error: Error while evaluating a Function Call, Could not find class ::role::custom_windows for christophers-macbook-pro.local (line: 11, column: 1) on node christophers-macbook-pro.local" type="RSpec::Expectations::ExpectationNotMetError">Failure/Error: it { should compile }
  error during compilation: Evaluation Error: Error while evaluating a Function Call, Could not find class ::role::custom_windows for christophers-macbook-pro.local (line: 11, column: 1) on node christophers-macbook-pro.local
./spec/classes/role__custom_windows_on_Ubuntu-12.04-32_spec.rb:37:in `block (3 levels) in &lt;top (required)&gt;&apos;</failure></testcase>
<testcase classname="spec.classes.role__custom_windows_on_Ubuntu-12" name="role::custom_windows using fact set Ubuntu-12.04-64 is expected to compile into a catalogue without dependency cycles" file="./spec/classes/role__custom_windows_on_Ubuntu-12.04-64_spec.rb" time="0.029119"><failure message="error during compilation: Evaluation Error: Error while evaluating a Function Call, Could not find class ::role::custom_windows for christophers-macbook-pro.local (line: 11, column: 1) on node christophers-macbook-pro.local" type="RSpec::Expectations::ExpectationNotMetError">Failure/Error: it { should compile }
  error during compilation: Evaluation Error: Error while evaluating a Function Call, Could not find class ::role::custom_windows for christophers-macbook-pro.local (line: 11, column: 1) on node christophers-macbook-pro.local
./spec/classes/role__custom_windows_on_Ubuntu-12.04-64_spec.rb:37:in `block (3 levels) in &lt;top (required)&gt;&apos;</failure></testcase>
<testcase classname="spec.classes.role__custom_windows_on_Ubuntu-14" name="role::custom_windows using fact set Ubuntu-14.04-32 is expected to compile into a catalogue without dependency cycles" file="./spec/classes/role__custom_windows_on_Ubuntu-14.04-32_spec.rb" time="0.021708"><failure message="error during compilation: Evaluation Error: Error while evaluating a Function Call, Could not find class ::role::custom_windows for christophers-macbook-pro.local (line: 11, column: 1) on node christophers-macbook-pro.local" type="RSpec::Expectations::ExpectationNotMetError">Failure/Error: it { should compile }
  error during compilation: Evaluation Error: Error while evaluating a Function Call, Could not find class ::role::custom_windows for christophers-macbook-pro.local (line: 11, column: 1) on node christophers-macbook-pro.local
./spec/classes/role__custom_windows_on_Ubuntu-14.04-32_spec.rb:37:in `block (3 levels) in &lt;top (required)&gt;&apos;</failure></testcase>
<testcase classname="spec.classes.role__custom_windows_on_Ubuntu-14" name="role::custom_windows using fact set Ubuntu-14.04-64 is expected to compile into a catalogue without dependency cycles" file="./spec/classes/role__custom_windows_on_Ubuntu-14.04-64_spec.rb" time="0.022522"><failure message="error during compilation: Evaluation Error: Error while evaluating a Function Call, Could not find class ::role::custom_windows for christophers-macbook-pro.local (line: 11, column: 1) on node christophers-macbook-pro.local" type="RSpec::Expectations::ExpectationNotMetError">Failure/Error: it { should compile }
  error during compilation: Evaluation Error: Error while evaluating a Function Call, Could not find class ::role::custom_windows for christophers-macbook-pro.local (line: 11, column: 1) on node christophers-macbook-pro.local
./spec/classes/role__custom_windows_on_Ubuntu-14.04-64_spec.rb:37:in `block (3 levels) in &lt;top (required)&gt;&apos;</failure></testcase>
<testcase classname="spec.classes.role__custom_windows_on_Ubuntu-18" name="role::custom_windows using fact set Ubuntu-18.04-64 is expected to compile into a catalogue without dependency cycles" file="./spec/classes/role__custom_windows_on_Ubuntu-18.04-64_spec.rb" time="0.030304"><failure message="error during compilation: Evaluation Error: Error while evaluating a Function Call, Could not find class ::role::custom_windows for christophers-macbook-pro.local (line: 11, column: 1) on node christophers-macbook-pro.local" type="RSpec::Expectations::ExpectationNotMetError">Failure/Error: it { should compile }
  error during compilation: Evaluation Error: Error while evaluating a Function Call, Could not find class ::role::custom_windows for christophers-macbook-pro.local (line: 11, column: 1) on node christophers-macbook-pro.local
./spec/classes/role__custom_windows_on_Ubuntu-18.04-64_spec.rb:37:in `block (3 levels) in &lt;top (required)&gt;&apos;</failure></testcase>
<testcase classname="spec.classes.role__custom_windows_on_Windows_Server-2008r2-64_spec" name="role::custom_windows using fact set Windows_Server-2008r2-64 is expected to compile into a catalogue without dependency cycles" file="./spec/classes/role__custom_windows_on_Windows_Server-2008r2-64_spec.rb" time="0.020602"><failure message="error during compilation: Evaluation Error: Error while evaluating a Function Call, Could not find class ::role::custom_windows for christophers-macbook-pro.local (line: 11, column: 1) on node christophers-macbook-pro.local" type="RSpec::Expectations::ExpectationNotMetError">Failure/Error: it { should compile }
  error during compilation: Evaluation Error: Error while evaluating a Function Call, Could not find class ::role::custom_windows for christophers-macbook-pro.local (line: 11, column: 1) on node christophers-macbook-pro.local
./spec/classes/role__custom_windows_on_Windows_Server-2008r2-64_spec.rb:37:in `block (3 levels) in &lt;top (required)&gt;&apos;</failure></testcase>
<testcase classname="spec.classes.role__custom_windows_on_Windows_Server-2012r2-64_spec" name="role::custom_windows using fact set Windows_Server-2012r2-64 is expected to compile into a catalogue without dependency cycles" file="./spec/classes/role__custom_windows_on_Windows_Server-2012r2-64_spec.rb" time="0.019888"><failure message="error during compilation: Evaluation Error: Error while evaluating a Function Call, Could not find class ::role::custom_windows for christophers-macbook-pro.local (line: 11, column: 1) on node christophers-macbook-pro.local" type="RSpec::Expectations::ExpectationNotMetError">Failure/Error: it { should compile }
  error during compilation: Evaluation Error: Error while evaluating a Function Call, Could not find class ::role::custom_windows for christophers-macbook-pro.local (line: 11, column: 1) on node christophers-macbook-pro.local
./spec/classes/role__custom_windows_on_Windows_Server-2012r2-64_spec.rb:37:in `block (3 levels) in &lt;top (required)&gt;&apos;</failure></testcase>
<testcase classname="spec.classes.role__custom_windows_on_solaris-10_u9-sparc-64_spec" name="role::custom_windows using fact set solaris-10_u9-sparc-64 is expected to compile into a catalogue without dependency cycles" file="./spec/classes/role__custom_windows_on_solaris-10_u9-sparc-64_spec.rb" time="0.029534"><failure message="error during compilation: Evaluation Error: Error while evaluating a Function Call, Could not find class ::role::custom_windows for christophers-macbook-pro.local (line: 11, column: 1) on node christophers-macbook-pro.local" type="RSpec::Expectations::ExpectationNotMetError">Failure/Error: it { should compile }
  error during compilation: Evaluation Error: Error while evaluating a Function Call, Could not find class ::role::custom_windows for christophers-macbook-pro.local (line: 11, column: 1) on node christophers-macbook-pro.local
./spec/classes/role__custom_windows_on_solaris-10_u9-sparc-64_spec.rb:37:in `block (3 levels) in &lt;top (required)&gt;&apos;</failure></testcase>
<testcase classname="spec.classes.role__custom_windows_on_solaris-11" name="role::custom_windows using fact set solaris-11.2-sparc-64 is expected to compile into a catalogue without dependency cycles" file="./spec/classes/role__custom_windows_on_solaris-11.2-sparc-64_spec.rb" time="0.022125"><failure message="error during compilation: Evaluation Error: Error while evaluating a Function Call, Could not find class ::role::custom_windows for christophers-macbook-pro.local (line: 11, column: 1) on node christophers-macbook-pro.local" type="RSpec::Expectations::ExpectationNotMetError">Failure/Error: it { should compile }
  error during compilation: Evaluation Error: Error while evaluating a Function Call, Could not find class ::role::custom_windows for christophers-macbook-pro.local (line: 11, column: 1) on node christophers-macbook-pro.local
./spec/classes/role__custom_windows_on_solaris-11.2-sparc-64_spec.rb:37:in `block (3 levels) in &lt;top (required)&gt;&apos;</failure></testcase>
<testcase classname="spec.classes.role__custom_windows_on_windows-10-64_spec" name="role::custom_windows using fact set windows-10-64 is expected to compile into a catalogue without dependency cycles" file="./spec/classes/role__custom_windows_on_windows-10-64_spec.rb" time="0.028427"><failure message="error during compilation: Evaluation Error: Error while evaluating a Function Call, Could not find class ::role::custom_windows for christophers-macbook-pro.local (line: 11, column: 1) on node christophers-macbook-pro.local" type="RSpec::Expectations::ExpectationNotMetError">Failure/Error: it { should compile }
  error during compilation: Evaluation Error: Error while evaluating a Function Call, Could not find class ::role::custom_windows for christophers-macbook-pro.local (line: 11, column: 1) on node christophers-macbook-pro.local
./spec/classes/role__custom_windows_on_windows-10-64_spec.rb:37:in `block (3 levels) in &lt;top (required)&gt;&apos;</failure></testcase>
<testcase classname="spec.classes.role__metrics_on_AIX-6" name="role::metrics using fact set AIX-6.1-powerpc is expected to compile into a catalogue without dependency cycles" file="./spec/classes/role__metrics_on_AIX-6.1-powerpc_spec.rb" time="0.021752"><failure message="error during compilation: Evaluation Error: Error while evaluating a Function Call, Could not find class ::role::metrics for christophers-macbook-pro.local (line: 11, column: 1) on node christophers-macbook-pro.local" type="RSpec::Expectations::ExpectationNotMetError">Failure/Error: it { should compile }
  error during compilation: Evaluation Error: Error while evaluating a Function Call, Could not find class ::role::metrics for christophers-macbook-pro.local (line: 11, column: 1) on node christophers-macbook-pro.local
./spec/classes/role__metrics_on_AIX-6.1-powerpc_spec.rb:37:in `block (3 levels) in &lt;top (required)&gt;&apos;</failure></testcase>
<testcase classname="spec.classes.role__metrics_on_AIX-7" name="role::metrics using fact set AIX-7.1-powerpc is expected to compile into a catalogue without dependency cycles" file="./spec/classes/role__metrics_on_AIX-7.1-powerpc_spec.rb" time="0.020520"><failure message="error during compilation: Evaluation Error: Error while evaluating a Function Call, Could not find class ::role::metrics for christophers-macbook-pro.local (line: 11, column: 1) on node christophers-macbook-pro.local" type="RSpec::Expectations::ExpectationNotMetError">Failure/Error: it { should compile }
  error during compilation: Evaluation Error: Error while evaluating a Function Call, Could not find class ::role::metrics for christophers-macbook-pro.local (line: 11, column: 1) on node christophers-macbook-pro.local
./spec/classes/role__metrics_on_AIX-7.1-powerpc_spec.rb:37:in `block (3 levels) in &lt;top (required)&gt;&apos;</failure></testcase>
<testcase classname="spec.classes.role__metrics_on_Amazon-2018" name="role::metrics using fact set Amazon-2018.03 is expected to compile into a catalogue without dependency cycles" file="./spec/classes/role__metrics_on_Amazon-2018.03_spec.rb" time="0.027672"><failure message="error during compilation: Evaluation Error: Error while evaluating a Function Call, Could not find class ::role::metrics for christophers-macbook-pro.local (line: 11, column: 1) on node christophers-macbook-pro.local" type="RSpec::Expectations::ExpectationNotMetError">Failure/Error: it { should compile }
  error during compilation: Evaluation Error: Error while evaluating a Function Call, Could not find class ::role::metrics for christophers-macbook-pro.local (line: 11, column: 1) on node christophers-macbook-pro.local
./spec/classes/role__metrics_on_Amazon-2018.03_spec.rb:37:in `block (3 levels) in &lt;top (required)&gt;&apos;</failure></testcase>
<testcase classname="spec.classes.role__metrics_on_CentOS-5" name="role::metrics using fact set CentOS-5.11-32 is expected to compile into a catalogue without dependency cycles" file="./spec/classes/role__metrics_on_CentOS-5.11-32_spec.rb" time="0.020521"><failure message="error during compilation: Evaluation Error: Error while evaluating a Function Call, Could not find class ::role::metrics for christophers-macbook-pro.local (line: 11, column: 1) on node christophers-macbook-pro.local" type="RSpec::Expectations::ExpectationNotMetError">Failure/Error: it { should compile }
  error during compilation: Evaluation Error: Error while evaluating a Function Call, Could not find class ::role::metrics for christophers-macbook-pro.local (line: 11, column: 1) on node christophers-macbook-pro.local
./spec/classes/role__metrics_on_CentOS-5.11-32_spec.rb:37:in `block (3 levels) in &lt;top (required)&gt;&apos;</failure></testcase>
<testcase classname="spec.classes.role__metrics_on_CentOS-5" name="role::metrics using fact set CentOS-5.11-64 is expected to compile into a catalogue without dependency cycles" file="./spec/classes/role__metrics_on_CentOS-5.11-64_spec.rb" time="0.026678"><failure message="error during compilation: Evaluation Error: Error while evaluating a Function Call, Could not find class ::role::metrics for christophers-macbook-pro.local (line: 11, column: 1) on node christophers-macbook-pro.local" type="RSpec::Expectations::ExpectationNotMetError">Failure/Error: it { should compile }
  error during compilation: Evaluation Error: Error while evaluating a Function Call, Could not find class ::role::metrics for christophers-macbook-pro.local (line: 11, column: 1) on node christophers-macbook-pro.local
./spec/classes/role__metrics_on_CentOS-5.11-64_spec.rb:37:in `block (3 levels) in &lt;top (required)&gt;&apos;</failure></testcase>
<testcase classname="spec.classes.role__metrics_on_CentOS-6" name="role::metrics using fact set CentOS-6.6-32 is expected to compile into a catalogue without dependency cycles" file="./spec/classes/role__metrics_on_CentOS-6.6-32_spec.rb" time="0.022868"><failure message="error during compilation: Evaluation Error: Error while evaluating a Function Call, Could not find class ::role::metrics for christophers-macbook-pro.local (line: 11, column: 1) on node christophers-macbook-pro.local" type="RSpec::Expectations::ExpectationNotMetError">Failure/Error: it { should compile }
  error during compilation: Evaluation Error: Error while evaluating a Function Call, Could not find class ::role::metrics for christophers-macbook-pro.local (line: 11, column: 1) on node christophers-macbook-pro.local
./spec/classes/role__metrics_on_CentOS-6.6-32_spec.rb:37:in `block (3 levels) in &lt;top (required)&gt;&apos;</failure></testcase>
<testcase classname="spec.classes.role__metrics_on_CentOS-6" name="role::metrics using fact set CentOS-6.6-64 is expected to compile into a catalogue without dependency cycles" file="./spec/classes/role__metrics_on_CentOS-6.6-64_spec.rb" time="0.028744"><failure message="error during compilation: Evaluation Error: Error while evaluating a Function Call, Could not find class ::role::metrics for christophers-macbook-pro.local (line: 11, column: 1) on node christophers-macbook-pro.local" type="RSpec::Expectations::ExpectationNotMetError">Failure/Error: it { should compile }
  error during compilation: Evaluation Error: Error while evaluating a Function Call, Could not find class ::role::metrics for christophers-macbook-pro.local (line: 11, column: 1) on node christophers-macbook-pro.local
./spec/classes/role__metrics_on_CentOS-6.6-64_spec.rb:37:in `block (3 levels) in &lt;top (required)&gt;&apos;</failure></testcase>
<testcase classname="spec.classes.role__metrics_on_CentOS-7" name="role::metrics using fact set CentOS-7.0-64 is expected to compile into a catalogue without dependency cycles" file="./spec/classes/role__metrics_on_CentOS-7.0-64_spec.rb" time="0.045862"><failure message="error during compilation: Evaluation Error: Error while evaluating a Function Call, Could not find class ::role::metrics for christophers-macbook-pro.local (line: 11, column: 1) on node christophers-macbook-pro.local" type="RSpec::Expectations::ExpectationNotMetError">Failure/Error: it { should compile }
  error during compilation: Evaluation Error: Error while evaluating a Function Call, Could not find class ::role::metrics for christophers-macbook-pro.local (line: 11, column: 1) on node christophers-macbook-pro.local
./spec/classes/role__metrics_on_CentOS-7.0-64_spec.rb:37:in `block (3 levels) in &lt;top (required)&gt;&apos;</failure></testcase>
<testcase classname="spec.classes.role__metrics_on_Debian-6" name="role::metrics using fact set Debian-6.0.10-32 is expected to compile into a catalogue without dependency cycles" file="./spec/classes/role__metrics_on_Debian-6.0.10-32_spec.rb" time="0.045650"><failure message="error during compilation: Evaluation Error: Error while evaluating a Function Call, Could not find class ::role::metrics for christophers-macbook-pro.local (line: 11, column: 1) on node christophers-macbook-pro.local" type="RSpec::Expectations::ExpectationNotMetError">Failure/Error: it { should compile }
  error during compilation: Evaluation Error: Error while evaluating a Function Call, Could not find class ::role::metrics for christophers-macbook-pro.local (line: 11, column: 1) on node christophers-macbook-pro.local
./spec/classes/role__metrics_on_Debian-6.0.10-32_spec.rb:37:in `block (3 levels) in &lt;top (required)&gt;&apos;</failure></testcase>
<testcase classname="spec.classes.role__metrics_on_Debian-6" name="role::metrics using fact set Debian-6.0.10-64 is expected to compile into a catalogue without dependency cycles" file="./spec/classes/role__metrics_on_Debian-6.0.10-64_spec.rb" time="0.022808"><failure message="error during compilation: Evaluation Error: Error while evaluating a Function Call, Could not find class ::role::metrics for christophers-macbook-pro.local (line: 11, column: 1) on node christophers-macbook-pro.local" type="RSpec::Expectations::ExpectationNotMetError">Failure/Error: it { should compile }
  error during compilation: Evaluation Error: Error while evaluating a Function Call, Could not find class ::role::metrics for christophers-macbook-pro.local (line: 11, column: 1) on node christophers-macbook-pro.local
./spec/classes/role__metrics_on_Debian-6.0.10-64_spec.rb:37:in `block (3 levels) in &lt;top (required)&gt;&apos;</failure></testcase>
<testcase classname="spec.classes.role__metrics_on_Debian-7" name="role::metrics using fact set Debian-7.8-32 is expected to compile into a catalogue without dependency cycles" file="./spec/classes/role__metrics_on_Debian-7.8-32_spec.rb" time="0.021573"><failure message="error during compilation: Evaluation Error: Error while evaluating a Function Call, Could not find class ::role::metrics for christophers-macbook-pro.local (line: 11, column: 1) on node christophers-macbook-pro.local" type="RSpec::Expectations::ExpectationNotMetError">Failure/Error: it { should compile }
  error during compilation: Evaluation Error: Error while evaluating a Function Call, Could not find class ::role::metrics for christophers-macbook-pro.local (line: 11, column: 1) on node christophers-macbook-pro.local
./spec/classes/role__metrics_on_Debian-7.8-32_spec.rb:37:in `block (3 levels) in &lt;top (required)&gt;&apos;</failure></testcase>
<testcase classname="spec.classes.role__metrics_on_Debian-7" name="role::metrics using fact set Debian-7.8-64 is expected to compile into a catalogue without dependency cycles" file="./spec/classes/role__metrics_on_Debian-7.8-64_spec.rb" time="0.021614"><failure message="error during compilation: Evaluation Error: Error while evaluating a Function Call, Could not find class ::role::metrics for christophers-macbook-pro.local (line: 11, column: 1) on node christophers-macbook-pro.local" type="RSpec::Expectations::ExpectationNotMetError">Failure/Error: it { should compile }
  error during compilation: Evaluation Error: Error while evaluating a Function Call, Could not find class ::role::metrics for christophers-macbook-pro.local (line: 11, column: 1) on node christophers-macbook-pro.local
./spec/classes/role__metrics_on_Debian-7.8-64_spec.rb:37:in `block (3 levels) in &lt;top (required)&gt;&apos;</failure></testcase>
<testcase classname="spec.classes.role__metrics_on_RHEL-6" name="role::metrics using fact set RHEL-6.7 is expected to compile into a catalogue without dependency cycles" file="./spec/classes/role__metrics_on_RHEL-6.7_spec.rb" time="0.029649"><failure message="error during compilation: Evaluation Error: Error while evaluating a Function Call, Could not find class ::role::metrics for christophers-macbook-pro.local (line: 11, column: 1) on node christophers-macbook-pro.local" type="RSpec::Expectations::ExpectationNotMetError">Failure/Error: it { should compile }
  error during compilation: Evaluation Error: Error while evaluating a Function Call, Could not find class ::role::metrics for christophers-macbook-pro.local (line: 11, column: 1) on node christophers-macbook-pro.local
./spec/classes/role__metrics_on_RHEL-6.7_spec.rb:37:in `block (3 levels) in &lt;top (required)&gt;&apos;</failure></testcase>
<testcase classname="spec.classes.role__metrics_on_RHEL-7" name="role::metrics using fact set RHEL-7.4 is expected to compile into a catalogue without dependency cycles" file="./spec/classes/role__metrics_on_RHEL-7.4_spec.rb" time="0.023131"><failure message="error during compilation: Evaluation Error: Error while evaluating a Function Call, Could not find class ::role::metrics for christophers-macbook-pro.local (line: 11, column: 1) on node christophers-macbook-pro.local" type="RSpec::Expectations::ExpectationNotMetError">Failure/Error: it { should compile }
  error during compilation: Evaluation Error: Error while evaluating a Function Call, Could not find class ::role::metrics for christophers-macbook-pro.local (line: 11, column: 1) on node christophers-macbook-pro.local
./spec/classes/role__metrics_on_RHEL-7.4_spec.rb:37:in `block (3 levels) in &lt;top (required)&gt;&apos;</failure></testcase>
<testcase classname="spec.classes.role__metrics_on_SLES-11" name="role::metrics using fact set SLES-11.3-64 is expected to compile into a catalogue without dependency cycles" file="./spec/classes/role__metrics_on_SLES-11.3-64_spec.rb" time="0.023395"><failure message="error during compilation: Evaluation Error: Error while evaluating a Function Call, Could not find class ::role::metrics for christophers-macbook-pro.local (line: 11, column: 1) on node christophers-macbook-pro.local" type="RSpec::Expectations::ExpectationNotMetError">Failure/Error: it { should compile }
  error during compilation: Evaluation Error: Error while evaluating a Function Call, Could not find class ::role::metrics for christophers-macbook-pro.local (line: 11, column: 1) on node christophers-macbook-pro.local
./spec/classes/role__metrics_on_SLES-11.3-64_spec.rb:37:in `block (3 levels) in &lt;top (required)&gt;&apos;</failure></testcase>
<testcase classname="spec.classes.role__metrics_on_SLES-12" name="role::metrics using fact set SLES-12.1-64 is expected to compile into a catalogue without dependency cycles" file="./spec/classes/role__metrics_on_SLES-12.1-64_spec.rb" time="0.030042"><failure message="error during compilation: Evaluation Error: Error while evaluating a Function Call, Could not find class ::role::metrics for christophers-macbook-pro.local (line: 11, column: 1) on node christophers-macbook-pro.local" type="RSpec::Expectations::ExpectationNotMetError">Failure/Error: it { should compile }
  error during compilation: Evaluation Error: Error while evaluating a Function Call, Could not find class ::role::metrics for christophers-macbook-pro.local (line: 11, column: 1) on node christophers-macbook-pro.local
./spec/classes/role__metrics_on_SLES-12.1-64_spec.rb:37:in `block (3 levels) in &lt;top (required)&gt;&apos;</failure></testcase>
<testcase classname="spec.classes.role__metrics_on_Ubuntu-12" name="role::metrics using fact set Ubuntu-12.04-32 is expected to compile into a catalogue without dependency cycles" file="./spec/classes/role__metrics_on_Ubuntu-12.04-32_spec.rb" time="0.022170"><failure message="error during compilation: Evaluation Error: Error while evaluating a Function Call, Could not find class ::role::metrics for christophers-macbook-pro.local (line: 11, column: 1) on node christophers-macbook-pro.local" type="RSpec::Expectations::ExpectationNotMetError">Failure/Error: it { should compile }
  error during compilation: Evaluation Error: Error while evaluating a Function Call, Could not find class ::role::metrics for christophers-macbook-pro.local (line: 11, column: 1) on node christophers-macbook-pro.local
./spec/classes/role__metrics_on_Ubuntu-12.04-32_spec.rb:37:in `block (3 levels) in &lt;top (required)&gt;&apos;</failure></testcase>
<testcase classname="spec.classes.role__metrics_on_Ubuntu-12" name="role::metrics using fact set Ubuntu-12.04-64 is expected to compile into a catalogue without dependency cycles" file="./spec/classes/role__metrics_on_Ubuntu-12.04-64_spec.rb" time="0.022023"><failure message="error during compilation: Evaluation Error: Error while evaluating a Function Call, Could not find class ::role::metrics for christophers-macbook-pro.local (line: 11, column: 1) on node christophers-macbook-pro.local" type="RSpec::Expectations::ExpectationNotMetError">Failure/Error: it { should compile }
  error during compilation: Evaluation Error: Error while evaluating a Function Call, Could not find class ::role::metrics for christophers-macbook-pro.local (line: 11, column: 1) on node christophers-macbook-pro.local
./spec/classes/role__metrics_on_Ubuntu-12.04-64_spec.rb:37:in `block (3 levels) in &lt;top (required)&gt;&apos;</failure></testcase>
<testcase classname="spec.classes.role__metrics_on_Ubuntu-14" name="role::metrics using fact set Ubuntu-14.04-32 is expected to compile into a catalogue without dependency cycles" file="./spec/classes/role__metrics_on_Ubuntu-14.04-32_spec.rb" time="0.023413"><failure message="error during compilation: Evaluation Error: Error while evaluating a Function Call, Could not find class ::role::metrics for christophers-macbook-pro.local (line: 11, column: 1) on node christophers-macbook-pro.local" type="RSpec::Expectations::ExpectationNotMetError">Failure/Error: it { should compile }
  error during compilation: Evaluation Error: Error while evaluating a Function Call, Could not find class ::role::metrics for christophers-macbook-pro.local (line: 11, column: 1) on node christophers-macbook-pro.local
./spec/classes/role__metrics_on_Ubuntu-14.04-32_spec.rb:37:in `block (3 levels) in &lt;top (required)&gt;&apos;</failure></testcase>
<testcase classname="spec.classes.role__metrics_on_Ubuntu-14" name="role::metrics using fact set Ubuntu-14.04-64 is expected to compile into a catalogue without dependency cycles" file="./spec/classes/role__metrics_on_Ubuntu-14.04-64_spec.rb" time="0.031629"><failure message="error during compilation: Evaluation Error: Error while evaluating a Function Call, Could not find class ::role::metrics for christophers-macbook-pro.local (line: 11, column: 1) on node christophers-macbook-pro.local" type="RSpec::Expectations::ExpectationNotMetError">Failure/Error: it { should compile }
  error during compilation: Evaluation Error: Error while evaluating a Function Call, Could not find class ::role::metrics for christophers-macbook-pro.local (line: 11, column: 1) on node christophers-macbook-pro.local
./spec/classes/role__metrics_on_Ubuntu-14.04-64_spec.rb:37:in `block (3 levels) in &lt;top (required)&gt;&apos;</failure></testcase>
<testcase classname="spec.classes.role__metrics_on_Ubuntu-18" name="role::metrics using fact set Ubuntu-18.04-64 is expected to compile into a catalogue without dependency cycles" file="./spec/classes/role__metrics_on_Ubuntu-18.04-64_spec.rb" time="0.022216"><failure message="error during compilation: Evaluation Error: Error while evaluating a Function Call, Could not find class ::role::metrics for christophers-macbook-pro.local (line: 11, column: 1) on node christophers-macbook-pro.local" type="RSpec::Expectations::ExpectationNotMetError">Failure/Error: it { should compile }
  error during compilation: Evaluation Error: Error while evaluating a Function Call, Could not find class ::role::metrics for christophers-macbook-pro.local (line: 11, column: 1) on node christophers-macbook-pro.local
./spec/classes/role__metrics_on_Ubuntu-18.04-64_spec.rb:37:in `block (3 levels) in &lt;top (required)&gt;&apos;</failure></testcase>
<testcase classname="spec.classes.role__metrics_on_Windows_Server-2008r2-64_spec" name="role::metrics using fact set Windows_Server-2008r2-64 is expected to compile into a catalogue without dependency cycles" file="./spec/classes/role__metrics_on_Windows_Server-2008r2-64_spec.rb" time="0.021696"><failure message="error during compilation: Evaluation Error: Error while evaluating a Function Call, Could not find class ::role::metrics for christophers-macbook-pro.local (line: 11, column: 1) on node christophers-macbook-pro.local" type="RSpec::Expectations::ExpectationNotMetError">Failure/Error: it { should compile }
  error during compilation: Evaluation Error: Error while evaluating a Function Call, Could not find class ::role::metrics for christophers-macbook-pro.local (line: 11, column: 1) on node christophers-macbook-pro.local
./spec/classes/role__metrics_on_Windows_Server-2008r2-64_spec.rb:37:in `block (3 levels) in &lt;top (required)&gt;&apos;</failure></testcase>
<testcase classname="spec.classes.role__metrics_on_Windows_Server-2012r2-64_spec" name="role::metrics using fact set Windows_Server-2012r2-64 is expected to compile into a catalogue without dependency cycles" file="./spec/classes/role__metrics_on_Windows_Server-2012r2-64_spec.rb" time="0.027603"><failure message="error during compilation: Evaluation Error: Error while evaluating a Function Call, Could not find class ::role::metrics for christophers-macbook-pro.local (line: 11, column: 1) on node christophers-macbook-pro.local" type="RSpec::Expectations::ExpectationNotMetError">Failure/Error: it { should compile }
  error during compilation: Evaluation Error: Error while evaluating a Function Call, Could not find class ::role::metrics for christophers-macbook-pro.local (line: 11, column: 1) on node christophers-macbook-pro.local
./spec/classes/role__metrics_on_Windows_Server-2012r2-64_spec.rb:37:in `block (3 levels) in &lt;top (required)&gt;&apos;</failure></testcase>
<testcase classname="spec.classes.role__metrics_on_solaris-10_u9-sparc-64_spec" name="role::metrics using fact set solaris-10_u9-sparc-64 is expected to compile into a catalogue without dependency cycles" file="./spec/classes/role__metrics_on_solaris-10_u9-sparc-64_spec.rb" time="0.023712"><failure message="error during compilation: Evaluation Error: Error while evaluating a Function Call, Could not find class ::role::metrics for christophers-macbook-pro.local (line: 11, column: 1) on node christophers-macbook-pro.local" type="RSpec::Expectations::ExpectationNotMetError">Failure/Error: it { should compile }
  error during compilation: Evaluation Error: Error while evaluating a Function Call, Could not find class ::role::metrics for christophers-macbook-pro.local (line: 11, column: 1) on node christophers-macbook-pro.local
./spec/classes/role__metrics_on_solaris-10_u9-sparc-64_spec.rb:37:in `block (3 levels) in &lt;top (required)&gt;&apos;</failure></testcase>
<testcase classname="spec.classes.role__metrics_on_solaris-11" name="role::metrics using fact set solaris-11.2-sparc-64 is expected to compile into a catalogue without dependency cycles" file="./spec/classes/role__metrics_on_solaris-11.2-sparc-64_spec.rb" time="0.025395"><failure message="error during compilation: Evaluation Error: Error while evaluating a Function Call, Could not find class ::role::metrics for christophers-macbook-pro.local (line: 11, column: 1) on node christophers-macbook-pro.local" type="RSpec::Expectations::ExpectationNotMetError">Failure/Error: it { should compile }
  error during compilation: Evaluation Error: Error while evaluating a Function Call, Could not find class ::role::metrics for christophers-macbook-pro.local (line: 11, column: 1) on node christophers-macbook-pro.local
./spec/classes/role__metrics_on_solaris-11.2-sparc-64_spec.rb:37:in `block (3 levels) in &lt;top (required)&gt;&apos;</failure></testcase>
<testcase classname="spec.classes.role__metrics_on_windows-10-64_spec" name="role::metrics using fact set windows-10-64 is expected to compile into a catalogue without dependency cycles" file="./spec/classes/role__metrics_on_windows-10-64_spec.rb" time="0.030872"><failure message="error during compilation: Evaluation Error: Error while evaluating a Function Call, Could not find class ::role::metrics for christophers-macbook-pro.local (line: 11, column: 1) on node christophers-macbook-pro.local" type="RSpec::Expectations::ExpectationNotMetError">Failure/Error: it { should compile }
  error during compilation: Evaluation Error: Error while evaluating a Function Call, Could not find class ::role::metrics for christophers-macbook-pro.local (line: 11, column: 1) on node christophers-macbook-pro.local
./spec/classes/role__metrics_on_windows-10-64_spec.rb:37:in `block (3 levels) in &lt;top (required)&gt;&apos;</failure></testcase>
<testcase classname="spec.classes.role__node_on_AIX-6" name="role::node using fact set AIX-6.1-powerpc is expected to compile into a catalogue without dependency cycles" file="./spec/classes/role__node_on_AIX-6.1-powerpc_spec.rb" time="1.174696"><failure message="error during compilation: Evaluation Error: Error while evaluating a Function Call, ssh supports osfamilies RedHat, Suse, Debian and Solaris. Detected osfamily is &lt;AIX&gt;. (file: /Users/christopher.lawrence/projects/control-repo/.onceover/etc/puppetlabs/code/environments/production/modules/ssh/manifests/init.pp, line: 389, column: 7) on node christophers-macbook-pro.local" type="RSpec::Expectations::ExpectationNotMetError">Failure/Error: it { should compile }
  error during compilation: Evaluation Error: Error while evaluating a Function Call, ssh supports osfamilies RedHat, Suse, Debian and Solaris. Detected osfamily is &lt;AIX&gt;. (file: /Users/christopher.lawrence/projects/control-repo/.onceover/etc/puppetlabs/code/environments/production/modules/ssh/manifests/init.pp, line: 389, column: 7) on node christophers-macbook-pro.local
./spec/classes/role__node_on_AIX-6.1-powerpc_spec.rb:37:in `block (3 levels) in &lt;top (required)&gt;&apos;</failure></testcase>
<testcase classname="spec.classes.role__node_on_AIX-7" name="role::node using fact set AIX-7.1-powerpc is expected to compile into a catalogue without dependency cycles" file="./spec/classes/role__node_on_AIX-7.1-powerpc_spec.rb" time="0.202957"><failure message="error during compilation: Evaluation Error: Error while evaluating a Function Call, ssh supports osfamilies RedHat, Suse, Debian and Solaris. Detected osfamily is &lt;AIX&gt;. (file: /Users/christopher.lawrence/projects/control-repo/.onceover/etc/puppetlabs/code/environments/production/modules/ssh/manifests/init.pp, line: 389, column: 7) on node christophers-macbook-pro.local" type="RSpec::Expectations::ExpectationNotMetError">Failure/Error: it { should compile }
  error during compilation: Evaluation Error: Error while evaluating a Function Call, ssh supports osfamilies RedHat, Suse, Debian and Solaris. Detected osfamily is &lt;AIX&gt;. (file: /Users/christopher.lawrence/projects/control-repo/.onceover/etc/puppetlabs/code/environments/production/modules/ssh/manifests/init.pp, line: 389, column: 7) on node christophers-macbook-pro.local
./spec/classes/role__node_on_AIX-7.1-powerpc_spec.rb:37:in `block (3 levels) in &lt;top (required)&gt;&apos;</failure></testcase>
<testcase classname="spec.classes.role__node_on_Amazon-2018" name="role::node using fact set Amazon-2018.03 is expected to compile into a catalogue without dependency cycles" file="./spec/classes/role__node_on_Amazon-2018.03_spec.rb" time="0.355933"><failure message="error during compilation: Evaluation Error: Error while evaluating a Resource Statement, Unknown resource type: &apos;sshkey&apos; (file: /Users/christopher.lawrence/projects/control-repo/.onceover/etc/puppetlabs/code/environments/production/modules/ssh/manifests/init.pp, line: 1089, column: 3) on node christophers-macbook-pro.local" type="RSpec::Expectations::ExpectationNotMetError">Failure/Error: it { should compile }
  error during compilation: Evaluation Error: Error while evaluating a Resource Statement, Unknown resource type: &apos;sshkey&apos; (file: /Users/christopher.lawrence/projects/control-repo/.onceover/etc/puppetlabs/code/environments/production/modules/ssh/manifests/init.pp, line: 1089, column: 3) on node christophers-macbook-pro.local
./spec/classes/role__node_on_Amazon-2018.03_spec.rb:37:in `block (3 levels) in &lt;top (required)&gt;&apos;</failure></testcase>
<testcase classname="spec.classes.role__node_on_CentOS-5" name="role::node using fact set CentOS-5.11-32 is expected to compile into a catalogue without dependency cycles" file="./spec/classes/role__node_on_CentOS-5.11-32_spec.rb" time="0.248994"><failure message="error during compilation: Evaluation Error: Error while evaluating a Resource Statement, Unknown resource type: &apos;sshkey&apos; (file: /Users/christopher.lawrence/projects/control-repo/.onceover/etc/puppetlabs/code/environments/production/modules/ssh/manifests/init.pp, line: 1089, column: 3) on node christophers-macbook-pro.local" type="RSpec::Expectations::ExpectationNotMetError">Failure/Error: it { should compile }
  error during compilation: Evaluation Error: Error while evaluating a Resource Statement, Unknown resource type: &apos;sshkey&apos; (file: /Users/christopher.lawrence/projects/control-repo/.onceover/etc/puppetlabs/code/environments/production/modules/ssh/manifests/init.pp, line: 1089, column: 3) on node christophers-macbook-pro.local
./spec/classes/role__node_on_CentOS-5.11-32_spec.rb:37:in `block (3 levels) in &lt;top (required)&gt;&apos;</failure></testcase>
<testcase classname="spec.classes.role__node_on_CentOS-5" name="role::node using fact set CentOS-5.11-64 is expected to compile into a catalogue without dependency cycles" file="./spec/classes/role__node_on_CentOS-5.11-64_spec.rb" time="0.251410"><failure message="error during compilation: Evaluation Error: Error while evaluating a Resource Statement, Unknown resource type: &apos;sshkey&apos; (file: /Users/christopher.lawrence/projects/control-repo/.onceover/etc/puppetlabs/code/environments/production/modules/ssh/manifests/init.pp, line: 1089, column: 3) on node christophers-macbook-pro.local" type="RSpec::Expectations::ExpectationNotMetError">Failure/Error: it { should compile }
  error during compilation: Evaluation Error: Error while evaluating a Resource Statement, Unknown resource type: &apos;sshkey&apos; (file: /Users/christopher.lawrence/projects/control-repo/.onceover/etc/puppetlabs/code/environments/production/modules/ssh/manifests/init.pp, line: 1089, column: 3) on node christophers-macbook-pro.local
./spec/classes/role__node_on_CentOS-5.11-64_spec.rb:37:in `block (3 levels) in &lt;top (required)&gt;&apos;</failure></testcase>
<testcase classname="spec.classes.role__node_on_CentOS-6" name="role::node using fact set CentOS-6.6-32 is expected to compile into a catalogue without dependency cycles" file="./spec/classes/role__node_on_CentOS-6.6-32_spec.rb" time="0.259205"><failure message="error during compilation: Evaluation Error: Error while evaluating a Resource Statement, Unknown resource type: &apos;sshkey&apos; (file: /Users/christopher.lawrence/projects/control-repo/.onceover/etc/puppetlabs/code/environments/production/modules/ssh/manifests/init.pp, line: 1089, column: 3) on node christophers-macbook-pro.local" type="RSpec::Expectations::ExpectationNotMetError">Failure/Error: it { should compile }
  error during compilation: Evaluation Error: Error while evaluating a Resource Statement, Unknown resource type: &apos;sshkey&apos; (file: /Users/christopher.lawrence/projects/control-repo/.onceover/etc/puppetlabs/code/environments/production/modules/ssh/manifests/init.pp, line: 1089, column: 3) on node christophers-macbook-pro.local
./spec/classes/role__node_on_CentOS-6.6-32_spec.rb:37:in `block (3 levels) in &lt;top (required)&gt;&apos;</failure></testcase>
<testcase classname="spec.classes.role__node_on_CentOS-6" name="role::node using fact set CentOS-6.6-64 is expected to compile into a catalogue without dependency cycles" file="./spec/classes/role__node_on_CentOS-6.6-64_spec.rb" time="0.316198"><failure message="error during compilation: Evaluation Error: Error while evaluating a Resource Statement, Unknown resource type: &apos;sshkey&apos; (file: /Users/christopher.lawrence/projects/control-repo/.onceover/etc/puppetlabs/code/environments/production/modules/ssh/manifests/init.pp, line: 1089, column: 3) on node christophers-macbook-pro.local" type="RSpec::Expectations::ExpectationNotMetError">Failure/Error: it { should compile }
  error during compilation: Evaluation Error: Error while evaluating a Resource Statement, Unknown resource type: &apos;sshkey&apos; (file: /Users/christopher.lawrence/projects/control-repo/.onceover/etc/puppetlabs/code/environments/production/modules/ssh/manifests/init.pp, line: 1089, column: 3) on node christophers-macbook-pro.local
./spec/classes/role__node_on_CentOS-6.6-64_spec.rb:37:in `block (3 levels) in &lt;top (required)&gt;&apos;</failure></testcase>
<testcase classname="spec.classes.role__node_on_CentOS-7" name="role::node using fact set CentOS-7.0-64 is expected to compile into a catalogue without dependency cycles" file="./spec/classes/role__node_on_CentOS-7.0-64_spec.rb" time="0.238584"><failure message="error during compilation: Evaluation Error: Error while evaluating a Resource Statement, Unknown resource type: &apos;sshkey&apos; (file: /Users/christopher.lawrence/projects/control-repo/.onceover/etc/puppetlabs/code/environments/production/modules/ssh/manifests/init.pp, line: 1089, column: 3) on node christophers-macbook-pro.local" type="RSpec::Expectations::ExpectationNotMetError">Failure/Error: it { should compile }
  error during compilation: Evaluation Error: Error while evaluating a Resource Statement, Unknown resource type: &apos;sshkey&apos; (file: /Users/christopher.lawrence/projects/control-repo/.onceover/etc/puppetlabs/code/environments/production/modules/ssh/manifests/init.pp, line: 1089, column: 3) on node christophers-macbook-pro.local
./spec/classes/role__node_on_CentOS-7.0-64_spec.rb:37:in `block (3 levels) in &lt;top (required)&gt;&apos;</failure></testcase>
<testcase classname="spec.classes.role__node_on_Debian-6" name="role::node using fact set Debian-6.0.10-32 is expected to compile into a catalogue without dependency cycles" file="./spec/classes/role__node_on_Debian-6.0.10-32_spec.rb" time="0.210967"><failure message="error during compilation: Evaluation Error: Error while evaluating a Function Call, Operating System : 6.0.10 not supported (file: /Users/christopher.lawrence/projects/control-repo/.onceover/etc/puppetlabs/code/environments/production/modules/ssh/manifests/init.pp, line: 332, column: 20) on node christophers-macbook-pro.local" type="RSpec::Expectations::ExpectationNotMetError">Failure/Error: it { should compile }
  error during compilation: Evaluation Error: Error while evaluating a Function Call, Operating System : 6.0.10 not supported (file: /Users/christopher.lawrence/projects/control-repo/.onceover/etc/puppetlabs/code/environments/production/modules/ssh/manifests/init.pp, line: 332, column: 20) on node christophers-macbook-pro.local
./spec/classes/role__node_on_Debian-6.0.10-32_spec.rb:37:in `block (3 levels) in &lt;top (required)&gt;&apos;</failure></testcase>
<testcase classname="spec.classes.role__node_on_Debian-6" name="role::node using fact set Debian-6.0.10-64 is expected to compile into a catalogue without dependency cycles" file="./spec/classes/role__node_on_Debian-6.0.10-64_spec.rb" time="0.220958"><failure message="error during compilation: Evaluation Error: Error while evaluating a Function Call, Operating System : 6.0.10 not supported (file: /Users/christopher.lawrence/projects/control-repo/.onceover/etc/puppetlabs/code/environments/production/modules/ssh/manifests/init.pp, line: 332, column: 20) on node christophers-macbook-pro.local" type="RSpec::Expectations::ExpectationNotMetError">Failure/Error: it { should compile }
  error during compilation: Evaluation Error: Error while evaluating a Function Call, Operating System : 6.0.10 not supported (file: /Users/christopher.lawrence/projects/control-repo/.onceover/etc/puppetlabs/code/environments/production/modules/ssh/manifests/init.pp, line: 332, column: 20) on node christophers-macbook-pro.local
./spec/classes/role__node_on_Debian-6.0.10-64_spec.rb:37:in `block (3 levels) in &lt;top (required)&gt;&apos;</failure></testcase>
<testcase classname="spec.classes.role__node_on_Debian-7" name="role::node using fact set Debian-7.8-32 is expected to compile into a catalogue without dependency cycles" file="./spec/classes/role__node_on_Debian-7.8-32_spec.rb" time="0.290587"><failure message="error during compilation: Evaluation Error: Error while evaluating a Resource Statement, Unknown resource type: &apos;sshkey&apos; (file: /Users/christopher.lawrence/projects/control-repo/.onceover/etc/puppetlabs/code/environments/production/modules/ssh/manifests/init.pp, line: 1089, column: 3) on node christophers-macbook-pro.local" type="RSpec::Expectations::ExpectationNotMetError">Failure/Error: it { should compile }
  error during compilation: Evaluation Error: Error while evaluating a Resource Statement, Unknown resource type: &apos;sshkey&apos; (file: /Users/christopher.lawrence/projects/control-repo/.onceover/etc/puppetlabs/code/environments/production/modules/ssh/manifests/init.pp, line: 1089, column: 3) on node christophers-macbook-pro.local
./spec/classes/role__node_on_Debian-7.8-32_spec.rb:37:in `block (3 levels) in &lt;top (required)&gt;&apos;</failure></testcase>
<testcase classname="spec.classes.role__node_on_Debian-7" name="role::node using fact set Debian-7.8-64 is expected to compile into a catalogue without dependency cycles" file="./spec/classes/role__node_on_Debian-7.8-64_spec.rb" time="0.302325"><failure message="error during compilation: Evaluation Error: Error while evaluating a Resource Statement, Unknown resource type: &apos;sshkey&apos; (file: /Users/christopher.lawrence/projects/control-repo/.onceover/etc/puppetlabs/code/environments/production/modules/ssh/manifests/init.pp, line: 1089, column: 3) on node christophers-macbook-pro.local" type="RSpec::Expectations::ExpectationNotMetError">Failure/Error: it { should compile }
  error during compilation: Evaluation Error: Error while evaluating a Resource Statement, Unknown resource type: &apos;sshkey&apos; (file: /Users/christopher.lawrence/projects/control-repo/.onceover/etc/puppetlabs/code/environments/production/modules/ssh/manifests/init.pp, line: 1089, column: 3) on node christophers-macbook-pro.local
./spec/classes/role__node_on_Debian-7.8-64_spec.rb:37:in `block (3 levels) in &lt;top (required)&gt;&apos;</failure></testcase>
<testcase classname="spec.classes.role__node_on_RHEL-6" name="role::node using fact set RHEL-6.7 is expected to compile into a catalogue without dependency cycles" file="./spec/classes/role__node_on_RHEL-6.7_spec.rb" time="0.242562"><failure message="error during compilation: Evaluation Error: Error while evaluating a Resource Statement, Unknown resource type: &apos;sshkey&apos; (file: /Users/christopher.lawrence/projects/control-repo/.onceover/etc/puppetlabs/code/environments/production/modules/ssh/manifests/init.pp, line: 1089, column: 3) on node christophers-macbook-pro.local" type="RSpec::Expectations::ExpectationNotMetError">Failure/Error: it { should compile }
  error during compilation: Evaluation Error: Error while evaluating a Resource Statement, Unknown resource type: &apos;sshkey&apos; (file: /Users/christopher.lawrence/projects/control-repo/.onceover/etc/puppetlabs/code/environments/production/modules/ssh/manifests/init.pp, line: 1089, column: 3) on node christophers-macbook-pro.local
./spec/classes/role__node_on_RHEL-6.7_spec.rb:37:in `block (3 levels) in &lt;top (required)&gt;&apos;</failure></testcase>
<testcase classname="spec.classes.role__node_on_RHEL-7" name="role::node using fact set RHEL-7.4 is expected to compile into a catalogue without dependency cycles" file="./spec/classes/role__node_on_RHEL-7.4_spec.rb" time="0.249488"><failure message="error during compilation: Evaluation Error: Error while evaluating a Resource Statement, Unknown resource type: &apos;sshkey&apos; (file: /Users/christopher.lawrence/projects/control-repo/.onceover/etc/puppetlabs/code/environments/production/modules/ssh/manifests/init.pp, line: 1089, column: 3) on node christophers-macbook-pro.local" type="RSpec::Expectations::ExpectationNotMetError">Failure/Error: it { should compile }
  error during compilation: Evaluation Error: Error while evaluating a Resource Statement, Unknown resource type: &apos;sshkey&apos; (file: /Users/christopher.lawrence/projects/control-repo/.onceover/etc/puppetlabs/code/environments/production/modules/ssh/manifests/init.pp, line: 1089, column: 3) on node christophers-macbook-pro.local
./spec/classes/role__node_on_RHEL-7.4_spec.rb:37:in `block (3 levels) in &lt;top (required)&gt;&apos;</failure></testcase>
<testcase classname="spec.classes.role__node_on_SLES-11" name="role::node using fact set SLES-11.3-64 is expected to compile into a catalogue without dependency cycles" file="./spec/classes/role__node_on_SLES-11.3-64_spec.rb" time="0.262780"><failure message="error during compilation: Evaluation Error: Error while evaluating a Resource Statement, Unknown resource type: &apos;sshkey&apos; (file: /Users/christopher.lawrence/projects/control-repo/.onceover/etc/puppetlabs/code/environments/production/modules/ssh/manifests/init.pp, line: 1089, column: 3) on node christophers-macbook-pro.local" type="RSpec::Expectations::ExpectationNotMetError">Failure/Error: it { should compile }
  error during compilation: Evaluation Error: Error while evaluating a Resource Statement, Unknown resource type: &apos;sshkey&apos; (file: /Users/christopher.lawrence/projects/control-repo/.onceover/etc/puppetlabs/code/environments/production/modules/ssh/manifests/init.pp, line: 1089, column: 3) on node christophers-macbook-pro.local
./spec/classes/role__node_on_SLES-11.3-64_spec.rb:37:in `block (3 levels) in &lt;top (required)&gt;&apos;</failure></testcase>
<testcase classname="spec.classes.role__node_on_SLES-12" name="role::node using fact set SLES-12.1-64 is expected to compile into a catalogue without dependency cycles" file="./spec/classes/role__node_on_SLES-12.1-64_spec.rb" time="0.261735"><failure message="error during compilation: Evaluation Error: Error while evaluating a Resource Statement, Unknown resource type: &apos;sshkey&apos; (file: /Users/christopher.lawrence/projects/control-repo/.onceover/etc/puppetlabs/code/environments/production/modules/ssh/manifests/init.pp, line: 1089, column: 3) on node christophers-macbook-pro.local" type="RSpec::Expectations::ExpectationNotMetError">Failure/Error: it { should compile }
  error during compilation: Evaluation Error: Error while evaluating a Resource Statement, Unknown resource type: &apos;sshkey&apos; (file: /Users/christopher.lawrence/projects/control-repo/.onceover/etc/puppetlabs/code/environments/production/modules/ssh/manifests/init.pp, line: 1089, column: 3) on node christophers-macbook-pro.local
./spec/classes/role__node_on_SLES-12.1-64_spec.rb:37:in `block (3 levels) in &lt;top (required)&gt;&apos;</failure></testcase>
<testcase classname="spec.classes.role__node_on_Ubuntu-12" name="role::node using fact set Ubuntu-12.04-32 is expected to compile into a catalogue without dependency cycles" file="./spec/classes/role__node_on_Ubuntu-12.04-32_spec.rb" time="0.258203"><failure message="error during compilation: Evaluation Error: Error while evaluating a Function Call, Operating System : 12.04 not supported (file: /Users/christopher.lawrence/projects/control-repo/.onceover/etc/puppetlabs/code/environments/production/modules/ssh/manifests/init.pp, line: 332, column: 20) on node christophers-macbook-pro.local" type="RSpec::Expectations::ExpectationNotMetError">Failure/Error: it { should compile }
  error during compilation: Evaluation Error: Error while evaluating a Function Call, Operating System : 12.04 not supported (file: /Users/christopher.lawrence/projects/control-repo/.onceover/etc/puppetlabs/code/environments/production/modules/ssh/manifests/init.pp, line: 332, column: 20) on node christophers-macbook-pro.local
./spec/classes/role__node_on_Ubuntu-12.04-32_spec.rb:37:in `block (3 levels) in &lt;top (required)&gt;&apos;</failure></testcase>
<testcase classname="spec.classes.role__node_on_Ubuntu-12" name="role::node using fact set Ubuntu-12.04-64 is expected to compile into a catalogue without dependency cycles" file="./spec/classes/role__node_on_Ubuntu-12.04-64_spec.rb" time="0.188605"><failure message="error during compilation: Evaluation Error: Error while evaluating a Function Call, Operating System : 12.04 not supported (file: /Users/christopher.lawrence/projects/control-repo/.onceover/etc/puppetlabs/code/environments/production/modules/ssh/manifests/init.pp, line: 332, column: 20) on node christophers-macbook-pro.local" type="RSpec::Expectations::ExpectationNotMetError">Failure/Error: it { should compile }
  error during compilation: Evaluation Error: Error while evaluating a Function Call, Operating System : 12.04 not supported (file: /Users/christopher.lawrence/projects/control-repo/.onceover/etc/puppetlabs/code/environments/production/modules/ssh/manifests/init.pp, line: 332, column: 20) on node christophers-macbook-pro.local
./spec/classes/role__node_on_Ubuntu-12.04-64_spec.rb:37:in `block (3 levels) in &lt;top (required)&gt;&apos;</failure></testcase>
<testcase classname="spec.classes.role__node_on_Ubuntu-14" name="role::node using fact set Ubuntu-14.04-32 is expected to compile into a catalogue without dependency cycles" file="./spec/classes/role__node_on_Ubuntu-14.04-32_spec.rb" time="0.202755"><failure message="error during compilation: Evaluation Error: Error while evaluating a Function Call, Operating System : 14.04 not supported (file: /Users/christopher.lawrence/projects/control-repo/.onceover/etc/puppetlabs/code/environments/production/modules/ssh/manifests/init.pp, line: 332, column: 20) on node christophers-macbook-pro.local" type="RSpec::Expectations::ExpectationNotMetError">Failure/Error: it { should compile }
  error during compilation: Evaluation Error: Error while evaluating a Function Call, Operating System : 14.04 not supported (file: /Users/christopher.lawrence/projects/control-repo/.onceover/etc/puppetlabs/code/environments/production/modules/ssh/manifests/init.pp, line: 332, column: 20) on node christophers-macbook-pro.local
./spec/classes/role__node_on_Ubuntu-14.04-32_spec.rb:37:in `block (3 levels) in &lt;top (required)&gt;&apos;</failure></testcase>
<testcase classname="spec.classes.role__node_on_Ubuntu-14" name="role::node using fact set Ubuntu-14.04-64 is expected to compile into a catalogue without dependency cycles" file="./spec/classes/role__node_on_Ubuntu-14.04-64_spec.rb" time="0.201579"><failure message="error during compilation: Evaluation Error: Error while evaluating a Function Call, Operating System : 14.04 not supported (file: /Users/christopher.lawrence/projects/control-repo/.onceover/etc/puppetlabs/code/environments/production/modules/ssh/manifests/init.pp, line: 332, column: 20) on node christophers-macbook-pro.local" type="RSpec::Expectations::ExpectationNotMetError">Failure/Error: it { should compile }
  error during compilation: Evaluation Error: Error while evaluating a Function Call, Operating System : 14.04 not supported (file: /Users/christopher.lawrence/projects/control-repo/.onceover/etc/puppetlabs/code/environments/production/modules/ssh/manifests/init.pp, line: 332, column: 20) on node christophers-macbook-pro.local
./spec/classes/role__node_on_Ubuntu-14.04-64_spec.rb:37:in `block (3 levels) in &lt;top (required)&gt;&apos;</failure></testcase>
<testcase classname="spec.classes.role__node_on_Ubuntu-18" name="role::node using fact set Ubuntu-18.04-64 is expected to compile into a catalogue without dependency cycles" file="./spec/classes/role__node_on_Ubuntu-18.04-64_spec.rb" time="0.265008"><failure message="error during compilation: Evaluation Error: Error while evaluating a Resource Statement, Unknown resource type: &apos;sshkey&apos; (file: /Users/christopher.lawrence/projects/control-repo/.onceover/etc/puppetlabs/code/environments/production/modules/ssh/manifests/init.pp, line: 1089, column: 3) on node christophers-macbook-pro.local" type="RSpec::Expectations::ExpectationNotMetError">Failure/Error: it { should compile }
  error during compilation: Evaluation Error: Error while evaluating a Resource Statement, Unknown resource type: &apos;sshkey&apos; (file: /Users/christopher.lawrence/projects/control-repo/.onceover/etc/puppetlabs/code/environments/production/modules/ssh/manifests/init.pp, line: 1089, column: 3) on node christophers-macbook-pro.local
./spec/classes/role__node_on_Ubuntu-18.04-64_spec.rb:37:in `block (3 levels) in &lt;top (required)&gt;&apos;</failure></testcase>
<testcase classname="spec.classes.role__node_on_Windows_Server-2008r2-64_spec" name="role::node using fact set Windows_Server-2008r2-64 is expected to compile into a catalogue without dependency cycles" file="./spec/classes/role__node_on_Windows_Server-2008r2-64_spec.rb" time="0.228881"><failure message="error during compilation: Evaluation Error: Error while evaluating a Resource Statement, Class[Resolv_conf]: expects a value for parameter &apos;config_file&apos; (file: /Users/christopher.lawrence/projects/control-repo/.onceover/etc/puppetlabs/code/environments/production/site-modules/profile/manifests/base/resolv.pp, line: 12, column: 3) on node christophers-macbook-pro.local" type="RSpec::Expectations::ExpectationNotMetError">Failure/Error: it { should compile }
  error during compilation: Evaluation Error: Error while evaluating a Resource Statement, Class[Resolv_conf]: expects a value for parameter &apos;config_file&apos; (file: /Users/christopher.lawrence/projects/control-repo/.onceover/etc/puppetlabs/code/environments/production/site-modules/profile/manifests/base/resolv.pp, line: 12, column: 3) on node christophers-macbook-pro.local
./spec/classes/role__node_on_Windows_Server-2008r2-64_spec.rb:37:in `block (3 levels) in &lt;top (required)&gt;&apos;</failure></testcase>
<testcase classname="spec.classes.role__node_on_Windows_Server-2012r2-64_spec" name="role::node using fact set Windows_Server-2012r2-64 is expected to compile into a catalogue without dependency cycles" file="./spec/classes/role__node_on_Windows_Server-2012r2-64_spec.rb" time="0.122303"><failure message="error during compilation: Evaluation Error: Error while evaluating a Resource Statement, Class[Resolv_conf]: expects a value for parameter &apos;config_file&apos; (file: /Users/christopher.lawrence/projects/control-repo/.onceover/etc/puppetlabs/code/environments/production/site-modules/profile/manifests/base/resolv.pp, line: 12, column: 3) on node christophers-macbook-pro.local" type="RSpec::Expectations::ExpectationNotMetError">Failure/Error: it { should compile }
  error during compilation: Evaluation Error: Error while evaluating a Resource Statement, Class[Resolv_conf]: expects a value for parameter &apos;config_file&apos; (file: /Users/christopher.lawrence/projects/control-repo/.onceover/etc/puppetlabs/code/environments/production/site-modules/profile/manifests/base/resolv.pp, line: 12, column: 3) on node christophers-macbook-pro.local
./spec/classes/role__node_on_Windows_Server-2012r2-64_spec.rb:37:in `block (3 levels) in &lt;top (required)&gt;&apos;</failure></testcase>
<testcase classname="spec.classes.role__node_on_solaris-10_u9-sparc-64_spec" name="role::node using fact set solaris-10_u9-sparc-64 is expected to compile into a catalogue without dependency cycles" file="./spec/classes/role__node_on_solaris-10_u9-sparc-64_spec.rb" time="0.238667"><failure message="error during compilation: Evaluation Error: Error while evaluating a Resource Statement, Unknown resource type: &apos;sshkey&apos; (file: /Users/christopher.lawrence/projects/control-repo/.onceover/etc/puppetlabs/code/environments/production/modules/ssh/manifests/init.pp, line: 1089, column: 3) on node christophers-macbook-pro.local" type="RSpec::Expectations::ExpectationNotMetError">Failure/Error: it { should compile }
  error during compilation: Evaluation Error: Error while evaluating a Resource Statement, Unknown resource type: &apos;sshkey&apos; (file: /Users/christopher.lawrence/projects/control-repo/.onceover/etc/puppetlabs/code/environments/production/modules/ssh/manifests/init.pp, line: 1089, column: 3) on node christophers-macbook-pro.local
./spec/classes/role__node_on_solaris-10_u9-sparc-64_spec.rb:37:in `block (3 levels) in &lt;top (required)&gt;&apos;</failure></testcase>
<testcase classname="spec.classes.role__node_on_solaris-11" name="role::node using fact set solaris-11.2-sparc-64 is expected to compile into a catalogue without dependency cycles" file="./spec/classes/role__node_on_solaris-11.2-sparc-64_spec.rb" time="0.237343"><failure message="error during compilation: Evaluation Error: Error while evaluating a Resource Statement, Unknown resource type: &apos;sshkey&apos; (file: /Users/christopher.lawrence/projects/control-repo/.onceover/etc/puppetlabs/code/environments/production/modules/ssh/manifests/init.pp, line: 1089, column: 3) on node christophers-macbook-pro.local" type="RSpec::Expectations::ExpectationNotMetError">Failure/Error: it { should compile }
  error during compilation: Evaluation Error: Error while evaluating a Resource Statement, Unknown resource type: &apos;sshkey&apos; (file: /Users/christopher.lawrence/projects/control-repo/.onceover/etc/puppetlabs/code/environments/production/modules/ssh/manifests/init.pp, line: 1089, column: 3) on node christophers-macbook-pro.local
./spec/classes/role__node_on_solaris-11.2-sparc-64_spec.rb:37:in `block (3 levels) in &lt;top (required)&gt;&apos;</failure></testcase>
<testcase classname="spec.classes.role__node_on_windows-10-64_spec" name="role::node using fact set windows-10-64 is expected to compile into a catalogue without dependency cycles" file="./spec/classes/role__node_on_windows-10-64_spec.rb" time="0.126588"><failure message="error during compilation: Evaluation Error: Error while evaluating a Resource Statement, Class[Resolv_conf]: expects a value for parameter &apos;config_file&apos; (file: /Users/christopher.lawrence/projects/control-repo/.onceover/etc/puppetlabs/code/environments/production/site-modules/profile/manifests/base/resolv.pp, line: 12, column: 3) on node christophers-macbook-pro.local" type="RSpec::Expectations::ExpectationNotMetError">Failure/Error: it { should compile }
  error during compilation: Evaluation Error: Error while evaluating a Resource Statement, Class[Resolv_conf]: expects a value for parameter &apos;config_file&apos; (file: /Users/christopher.lawrence/projects/control-repo/.onceover/etc/puppetlabs/code/environments/production/site-modules/profile/manifests/base/resolv.pp, line: 12, column: 3) on node christophers-macbook-pro.local
./spec/classes/role__node_on_windows-10-64_spec.rb:37:in `block (3 levels) in &lt;top (required)&gt;&apos;</failure></testcase>
<testcase classname="spec.classes.role__puppetserver_on_AIX-6" name="role::puppetserver using fact set AIX-6.1-powerpc is expected to compile into a catalogue without dependency cycles" file="./spec/classes/role__puppetserver_on_AIX-6.1-powerpc_spec.rb" time="0.187975"><failure message="error during compilation: Evaluation Error: Error while evaluating a Function Call, ssh supports osfamilies RedHat, Suse, Debian and Solaris. Detected osfamily is &lt;AIX&gt;. (file: /Users/christopher.lawrence/projects/control-repo/.onceover/etc/puppetlabs/code/environments/production/modules/ssh/manifests/init.pp, line: 389, column: 7) on node christophers-macbook-pro.local" type="RSpec::Expectations::ExpectationNotMetError">Failure/Error: it { should compile }
  error during compilation: Evaluation Error: Error while evaluating a Function Call, ssh supports osfamilies RedHat, Suse, Debian and Solaris. Detected osfamily is &lt;AIX&gt;. (file: /Users/christopher.lawrence/projects/control-repo/.onceover/etc/puppetlabs/code/environments/production/modules/ssh/manifests/init.pp, line: 389, column: 7) on node christophers-macbook-pro.local
./spec/classes/role__puppetserver_on_AIX-6.1-powerpc_spec.rb:37:in `block (3 levels) in &lt;top (required)&gt;&apos;</failure></testcase>
<testcase classname="spec.classes.role__puppetserver_on_AIX-7" name="role::puppetserver using fact set AIX-7.1-powerpc is expected to compile into a catalogue without dependency cycles" file="./spec/classes/role__puppetserver_on_AIX-7.1-powerpc_spec.rb" time="0.252810"><failure message="error during compilation: Evaluation Error: Error while evaluating a Function Call, ssh supports osfamilies RedHat, Suse, Debian and Solaris. Detected osfamily is &lt;AIX&gt;. (file: /Users/christopher.lawrence/projects/control-repo/.onceover/etc/puppetlabs/code/environments/production/modules/ssh/manifests/init.pp, line: 389, column: 7) on node christophers-macbook-pro.local" type="RSpec::Expectations::ExpectationNotMetError">Failure/Error: it { should compile }
  error during compilation: Evaluation Error: Error while evaluating a Function Call, ssh supports osfamilies RedHat, Suse, Debian and Solaris. Detected osfamily is &lt;AIX&gt;. (file: /Users/christopher.lawrence/projects/control-repo/.onceover/etc/puppetlabs/code/environments/production/modules/ssh/manifests/init.pp, line: 389, column: 7) on node christophers-macbook-pro.local
./spec/classes/role__puppetserver_on_AIX-7.1-powerpc_spec.rb:37:in `block (3 levels) in &lt;top (required)&gt;&apos;</failure></testcase>
<testcase classname="spec.classes.role__puppetserver_on_Amazon-2018" name="role::puppetserver using fact set Amazon-2018.03 is expected to compile into a catalogue without dependency cycles" file="./spec/classes/role__puppetserver_on_Amazon-2018.03_spec.rb" time="0.247321"><failure message="error during compilation: Evaluation Error: Error while evaluating a Resource Statement, Unknown resource type: &apos;sshkey&apos; (file: /Users/christopher.lawrence/projects/control-repo/.onceover/etc/puppetlabs/code/environments/production/modules/ssh/manifests/init.pp, line: 1089, column: 3) on node christophers-macbook-pro.local" type="RSpec::Expectations::ExpectationNotMetError">Failure/Error: it { should compile }
  error during compilation: Evaluation Error: Error while evaluating a Resource Statement, Unknown resource type: &apos;sshkey&apos; (file: /Users/christopher.lawrence/projects/control-repo/.onceover/etc/puppetlabs/code/environments/production/modules/ssh/manifests/init.pp, line: 1089, column: 3) on node christophers-macbook-pro.local
./spec/classes/role__puppetserver_on_Amazon-2018.03_spec.rb:37:in `block (3 levels) in &lt;top (required)&gt;&apos;</failure></testcase>
<testcase classname="spec.classes.role__puppetserver_on_CentOS-5" name="role::puppetserver using fact set CentOS-5.11-32 is expected to compile into a catalogue without dependency cycles" file="./spec/classes/role__puppetserver_on_CentOS-5.11-32_spec.rb" time="0.235729"><failure message="error during compilation: Evaluation Error: Error while evaluating a Resource Statement, Unknown resource type: &apos;sshkey&apos; (file: /Users/christopher.lawrence/projects/control-repo/.onceover/etc/puppetlabs/code/environments/production/modules/ssh/manifests/init.pp, line: 1089, column: 3) on node christophers-macbook-pro.local" type="RSpec::Expectations::ExpectationNotMetError">Failure/Error: it { should compile }
  error during compilation: Evaluation Error: Error while evaluating a Resource Statement, Unknown resource type: &apos;sshkey&apos; (file: /Users/christopher.lawrence/projects/control-repo/.onceover/etc/puppetlabs/code/environments/production/modules/ssh/manifests/init.pp, line: 1089, column: 3) on node christophers-macbook-pro.local
./spec/classes/role__puppetserver_on_CentOS-5.11-32_spec.rb:37:in `block (3 levels) in &lt;top (required)&gt;&apos;</failure></testcase>
<testcase classname="spec.classes.role__puppetserver_on_CentOS-5" name="role::puppetserver using fact set CentOS-5.11-64 is expected to compile into a catalogue without dependency cycles" file="./spec/classes/role__puppetserver_on_CentOS-5.11-64_spec.rb" time="0.243679"><failure message="error during compilation: Evaluation Error: Error while evaluating a Resource Statement, Unknown resource type: &apos;sshkey&apos; (file: /Users/christopher.lawrence/projects/control-repo/.onceover/etc/puppetlabs/code/environments/production/modules/ssh/manifests/init.pp, line: 1089, column: 3) on node christophers-macbook-pro.local" type="RSpec::Expectations::ExpectationNotMetError">Failure/Error: it { should compile }
  error during compilation: Evaluation Error: Error while evaluating a Resource Statement, Unknown resource type: &apos;sshkey&apos; (file: /Users/christopher.lawrence/projects/control-repo/.onceover/etc/puppetlabs/code/environments/production/modules/ssh/manifests/init.pp, line: 1089, column: 3) on node christophers-macbook-pro.local
./spec/classes/role__puppetserver_on_CentOS-5.11-64_spec.rb:37:in `block (3 levels) in &lt;top (required)&gt;&apos;</failure></testcase>
<testcase classname="spec.classes.role__puppetserver_on_CentOS-6" name="role::puppetserver using fact set CentOS-6.6-32 is expected to compile into a catalogue without dependency cycles" file="./spec/classes/role__puppetserver_on_CentOS-6.6-32_spec.rb" time="0.317574"><failure message="error during compilation: Evaluation Error: Error while evaluating a Resource Statement, Unknown resource type: &apos;sshkey&apos; (file: /Users/christopher.lawrence/projects/control-repo/.onceover/etc/puppetlabs/code/environments/production/modules/ssh/manifests/init.pp, line: 1089, column: 3) on node christophers-macbook-pro.local" type="RSpec::Expectations::ExpectationNotMetError">Failure/Error: it { should compile }
  error during compilation: Evaluation Error: Error while evaluating a Resource Statement, Unknown resource type: &apos;sshkey&apos; (file: /Users/christopher.lawrence/projects/control-repo/.onceover/etc/puppetlabs/code/environments/production/modules/ssh/manifests/init.pp, line: 1089, column: 3) on node christophers-macbook-pro.local
./spec/classes/role__puppetserver_on_CentOS-6.6-32_spec.rb:37:in `block (3 levels) in &lt;top (required)&gt;&apos;</failure></testcase>
<testcase classname="spec.classes.role__puppetserver_on_CentOS-6" name="role::puppetserver using fact set CentOS-6.6-64 is expected to compile into a catalogue without dependency cycles" file="./spec/classes/role__puppetserver_on_CentOS-6.6-64_spec.rb" time="0.237888"><failure message="error during compilation: Evaluation Error: Error while evaluating a Resource Statement, Unknown resource type: &apos;sshkey&apos; (file: /Users/christopher.lawrence/projects/control-repo/.onceover/etc/puppetlabs/code/environments/production/modules/ssh/manifests/init.pp, line: 1089, column: 3) on node christophers-macbook-pro.local" type="RSpec::Expectations::ExpectationNotMetError">Failure/Error: it { should compile }
  error during compilation: Evaluation Error: Error while evaluating a Resource Statement, Unknown resource type: &apos;sshkey&apos; (file: /Users/christopher.lawrence/projects/control-repo/.onceover/etc/puppetlabs/code/environments/production/modules/ssh/manifests/init.pp, line: 1089, column: 3) on node christophers-macbook-pro.local
./spec/classes/role__puppetserver_on_CentOS-6.6-64_spec.rb:37:in `block (3 levels) in &lt;top (required)&gt;&apos;</failure></testcase>
<testcase classname="spec.classes.role__puppetserver_on_CentOS-7" name="role::puppetserver using fact set CentOS-7.0-64 is expected to compile into a catalogue without dependency cycles" file="./spec/classes/role__puppetserver_on_CentOS-7.0-64_spec.rb" time="0.246973"><failure message="error during compilation: Evaluation Error: Error while evaluating a Resource Statement, Unknown resource type: &apos;sshkey&apos; (file: /Users/christopher.lawrence/projects/control-repo/.onceover/etc/puppetlabs/code/environments/production/modules/ssh/manifests/init.pp, line: 1089, column: 3) on node christophers-macbook-pro.local" type="RSpec::Expectations::ExpectationNotMetError">Failure/Error: it { should compile }
  error during compilation: Evaluation Error: Error while evaluating a Resource Statement, Unknown resource type: &apos;sshkey&apos; (file: /Users/christopher.lawrence/projects/control-repo/.onceover/etc/puppetlabs/code/environments/production/modules/ssh/manifests/init.pp, line: 1089, column: 3) on node christophers-macbook-pro.local
./spec/classes/role__puppetserver_on_CentOS-7.0-64_spec.rb:37:in `block (3 levels) in &lt;top (required)&gt;&apos;</failure></testcase>
<testcase classname="spec.classes.role__puppetserver_on_Debian-6" name="role::puppetserver using fact set Debian-6.0.10-32 is expected to compile into a catalogue without dependency cycles" file="./spec/classes/role__puppetserver_on_Debian-6.0.10-32_spec.rb" time="0.222978"><failure message="error during compilation: Evaluation Error: Error while evaluating a Function Call, Operating System : 6.0.10 not supported (file: /Users/christopher.lawrence/projects/control-repo/.onceover/etc/puppetlabs/code/environments/production/modules/ssh/manifests/init.pp, line: 332, column: 20) on node christophers-macbook-pro.local" type="RSpec::Expectations::ExpectationNotMetError">Failure/Error: it { should compile }
  error during compilation: Evaluation Error: Error while evaluating a Function Call, Operating System : 6.0.10 not supported (file: /Users/christopher.lawrence/projects/control-repo/.onceover/etc/puppetlabs/code/environments/production/modules/ssh/manifests/init.pp, line: 332, column: 20) on node christophers-macbook-pro.local
./spec/classes/role__puppetserver_on_Debian-6.0.10-32_spec.rb:37:in `block (3 levels) in &lt;top (required)&gt;&apos;</failure></testcase>
<testcase classname="spec.classes.role__puppetserver_on_Debian-6" name="role::puppetserver using fact set Debian-6.0.10-64 is expected to compile into a catalogue without dependency cycles" file="./spec/classes/role__puppetserver_on_Debian-6.0.10-64_spec.rb" time="0.222032"><failure message="error during compilation: Evaluation Error: Error while evaluating a Function Call, Operating System : 6.0.10 not supported (file: /Users/christopher.lawrence/projects/control-repo/.onceover/etc/puppetlabs/code/environments/production/modules/ssh/manifests/init.pp, line: 332, column: 20) on node christophers-macbook-pro.local" type="RSpec::Expectations::ExpectationNotMetError">Failure/Error: it { should compile }
  error during compilation: Evaluation Error: Error while evaluating a Function Call, Operating System : 6.0.10 not supported (file: /Users/christopher.lawrence/projects/control-repo/.onceover/etc/puppetlabs/code/environments/production/modules/ssh/manifests/init.pp, line: 332, column: 20) on node christophers-macbook-pro.local
./spec/classes/role__puppetserver_on_Debian-6.0.10-64_spec.rb:37:in `block (3 levels) in &lt;top (required)&gt;&apos;</failure></testcase>
<testcase classname="spec.classes.role__puppetserver_on_Debian-7" name="role::puppetserver using fact set Debian-7.8-32 is expected to compile into a catalogue without dependency cycles" file="./spec/classes/role__puppetserver_on_Debian-7.8-32_spec.rb" time="0.334158"><failure message="error during compilation: Evaluation Error: Error while evaluating a Resource Statement, Unknown resource type: &apos;sshkey&apos; (file: /Users/christopher.lawrence/projects/control-repo/.onceover/etc/puppetlabs/code/environments/production/modules/ssh/manifests/init.pp, line: 1089, column: 3) on node christophers-macbook-pro.local" type="RSpec::Expectations::ExpectationNotMetError">Failure/Error: it { should compile }
  error during compilation: Evaluation Error: Error while evaluating a Resource Statement, Unknown resource type: &apos;sshkey&apos; (file: /Users/christopher.lawrence/projects/control-repo/.onceover/etc/puppetlabs/code/environments/production/modules/ssh/manifests/init.pp, line: 1089, column: 3) on node christophers-macbook-pro.local
./spec/classes/role__puppetserver_on_Debian-7.8-32_spec.rb:37:in `block (3 levels) in &lt;top (required)&gt;&apos;</failure></testcase>
<testcase classname="spec.classes.role__puppetserver_on_Debian-7" name="role::puppetserver using fact set Debian-7.8-64 is expected to compile into a catalogue without dependency cycles" file="./spec/classes/role__puppetserver_on_Debian-7.8-64_spec.rb" time="0.280162"><failure message="error during compilation: Evaluation Error: Error while evaluating a Resource Statement, Unknown resource type: &apos;sshkey&apos; (file: /Users/christopher.lawrence/projects/control-repo/.onceover/etc/puppetlabs/code/environments/production/modules/ssh/manifests/init.pp, line: 1089, column: 3) on node christophers-macbook-pro.local" type="RSpec::Expectations::ExpectationNotMetError">Failure/Error: it { should compile }
  error during compilation: Evaluation Error: Error while evaluating a Resource Statement, Unknown resource type: &apos;sshkey&apos; (file: /Users/christopher.lawrence/projects/control-repo/.onceover/etc/puppetlabs/code/environments/production/modules/ssh/manifests/init.pp, line: 1089, column: 3) on node christophers-macbook-pro.local
./spec/classes/role__puppetserver_on_Debian-7.8-64_spec.rb:37:in `block (3 levels) in &lt;top (required)&gt;&apos;</failure></testcase>
<testcase classname="spec.classes.role__puppetserver_on_RHEL-6" name="role::puppetserver using fact set RHEL-6.7 is expected to compile into a catalogue without dependency cycles" file="./spec/classes/role__puppetserver_on_RHEL-6.7_spec.rb" time="0.267742"><failure message="error during compilation: Evaluation Error: Error while evaluating a Resource Statement, Unknown resource type: &apos;sshkey&apos; (file: /Users/christopher.lawrence/projects/control-repo/.onceover/etc/puppetlabs/code/environments/production/modules/ssh/manifests/init.pp, line: 1089, column: 3) on node christophers-macbook-pro.local" type="RSpec::Expectations::ExpectationNotMetError">Failure/Error: it { should compile }
  error during compilation: Evaluation Error: Error while evaluating a Resource Statement, Unknown resource type: &apos;sshkey&apos; (file: /Users/christopher.lawrence/projects/control-repo/.onceover/etc/puppetlabs/code/environments/production/modules/ssh/manifests/init.pp, line: 1089, column: 3) on node christophers-macbook-pro.local
./spec/classes/role__puppetserver_on_RHEL-6.7_spec.rb:37:in `block (3 levels) in &lt;top (required)&gt;&apos;</failure></testcase>
<testcase classname="spec.classes.role__puppetserver_on_RHEL-7" name="role::puppetserver using fact set RHEL-7.4 is expected to compile into a catalogue without dependency cycles" file="./spec/classes/role__puppetserver_on_RHEL-7.4_spec.rb" time="0.277129"><failure message="error during compilation: Evaluation Error: Error while evaluating a Resource Statement, Unknown resource type: &apos;sshkey&apos; (file: /Users/christopher.lawrence/projects/control-repo/.onceover/etc/puppetlabs/code/environments/production/modules/ssh/manifests/init.pp, line: 1089, column: 3) on node christophers-macbook-pro.local" type="RSpec::Expectations::ExpectationNotMetError">Failure/Error: it { should compile }
  error during compilation: Evaluation Error: Error while evaluating a Resource Statement, Unknown resource type: &apos;sshkey&apos; (file: /Users/christopher.lawrence/projects/control-repo/.onceover/etc/puppetlabs/code/environments/production/modules/ssh/manifests/init.pp, line: 1089, column: 3) on node christophers-macbook-pro.local
./spec/classes/role__puppetserver_on_RHEL-7.4_spec.rb:37:in `block (3 levels) in &lt;top (required)&gt;&apos;</failure></testcase>
<testcase classname="spec.classes.role__puppetserver_on_SLES-11" name="role::puppetserver using fact set SLES-11.3-64 is expected to compile into a catalogue without dependency cycles" file="./spec/classes/role__puppetserver_on_SLES-11.3-64_spec.rb" time="0.326019"><failure message="error during compilation: Evaluation Error: Error while evaluating a Resource Statement, Unknown resource type: &apos;sshkey&apos; (file: /Users/christopher.lawrence/projects/control-repo/.onceover/etc/puppetlabs/code/environments/production/modules/ssh/manifests/init.pp, line: 1089, column: 3) on node christophers-macbook-pro.local" type="RSpec::Expectations::ExpectationNotMetError">Failure/Error: it { should compile }
  error during compilation: Evaluation Error: Error while evaluating a Resource Statement, Unknown resource type: &apos;sshkey&apos; (file: /Users/christopher.lawrence/projects/control-repo/.onceover/etc/puppetlabs/code/environments/production/modules/ssh/manifests/init.pp, line: 1089, column: 3) on node christophers-macbook-pro.local
./spec/classes/role__puppetserver_on_SLES-11.3-64_spec.rb:37:in `block (3 levels) in &lt;top (required)&gt;&apos;</failure></testcase>
<testcase classname="spec.classes.role__puppetserver_on_SLES-12" name="role::puppetserver using fact set SLES-12.1-64 is expected to compile into a catalogue without dependency cycles" file="./spec/classes/role__puppetserver_on_SLES-12.1-64_spec.rb" time="0.251081"><failure message="error during compilation: Evaluation Error: Error while evaluating a Resource Statement, Unknown resource type: &apos;sshkey&apos; (file: /Users/christopher.lawrence/projects/control-repo/.onceover/etc/puppetlabs/code/environments/production/modules/ssh/manifests/init.pp, line: 1089, column: 3) on node christophers-macbook-pro.local" type="RSpec::Expectations::ExpectationNotMetError">Failure/Error: it { should compile }
  error during compilation: Evaluation Error: Error while evaluating a Resource Statement, Unknown resource type: &apos;sshkey&apos; (file: /Users/christopher.lawrence/projects/control-repo/.onceover/etc/puppetlabs/code/environments/production/modules/ssh/manifests/init.pp, line: 1089, column: 3) on node christophers-macbook-pro.local
./spec/classes/role__puppetserver_on_SLES-12.1-64_spec.rb:37:in `block (3 levels) in &lt;top (required)&gt;&apos;</failure></testcase>
<testcase classname="spec.classes.role__puppetserver_on_Ubuntu-12" name="role::puppetserver using fact set Ubuntu-12.04-32 is expected to compile into a catalogue without dependency cycles" file="./spec/classes/role__puppetserver_on_Ubuntu-12.04-32_spec.rb" time="0.201445"><failure message="error during compilation: Evaluation Error: Error while evaluating a Function Call, Operating System : 12.04 not supported (file: /Users/christopher.lawrence/projects/control-repo/.onceover/etc/puppetlabs/code/environments/production/modules/ssh/manifests/init.pp, line: 332, column: 20) on node christophers-macbook-pro.local" type="RSpec::Expectations::ExpectationNotMetError">Failure/Error: it { should compile }
  error during compilation: Evaluation Error: Error while evaluating a Function Call, Operating System : 12.04 not supported (file: /Users/christopher.lawrence/projects/control-repo/.onceover/etc/puppetlabs/code/environments/production/modules/ssh/manifests/init.pp, line: 332, column: 20) on node christophers-macbook-pro.local
./spec/classes/role__puppetserver_on_Ubuntu-12.04-32_spec.rb:37:in `block (3 levels) in &lt;top (required)&gt;&apos;</failure></testcase>
<testcase classname="spec.classes.role__puppetserver_on_Ubuntu-12" name="role::puppetserver using fact set Ubuntu-12.04-64 is expected to compile into a catalogue without dependency cycles" file="./spec/classes/role__puppetserver_on_Ubuntu-12.04-64_spec.rb" time="0.205953"><failure message="error during compilation: Evaluation Error: Error while evaluating a Function Call, Operating System : 12.04 not supported (file: /Users/christopher.lawrence/projects/control-repo/.onceover/etc/puppetlabs/code/environments/production/modules/ssh/manifests/init.pp, line: 332, column: 20) on node christophers-macbook-pro.local" type="RSpec::Expectations::ExpectationNotMetError">Failure/Error: it { should compile }
  error during compilation: Evaluation Error: Error while evaluating a Function Call, Operating System : 12.04 not supported (file: /Users/christopher.lawrence/projects/control-repo/.onceover/etc/puppetlabs/code/environments/production/modules/ssh/manifests/init.pp, line: 332, column: 20) on node christophers-macbook-pro.local
./spec/classes/role__puppetserver_on_Ubuntu-12.04-64_spec.rb:37:in `block (3 levels) in &lt;top (required)&gt;&apos;</failure></testcase>
<testcase classname="spec.classes.role__puppetserver_on_Ubuntu-14" name="role::puppetserver using fact set Ubuntu-14.04-32 is expected to compile into a catalogue without dependency cycles" file="./spec/classes/role__puppetserver_on_Ubuntu-14.04-32_spec.rb" time="0.210035"><failure message="error during compilation: Evaluation Error: Error while evaluating a Function Call, Operating System : 14.04 not supported (file: /Users/christopher.lawrence/projects/control-repo/.onceover/etc/puppetlabs/code/environments/production/modules/ssh/manifests/init.pp, line: 332, column: 20) on node christophers-macbook-pro.local" type="RSpec::Expectations::ExpectationNotMetError">Failure/Error: it { should compile }
  error during compilation: Evaluation Error: Error while evaluating a Function Call, Operating System : 14.04 not supported (file: /Users/christopher.lawrence/projects/control-repo/.onceover/etc/puppetlabs/code/environments/production/modules/ssh/manifests/init.pp, line: 332, column: 20) on node christophers-macbook-pro.local
./spec/classes/role__puppetserver_on_Ubuntu-14.04-32_spec.rb:37:in `block (3 levels) in &lt;top (required)&gt;&apos;</failure></testcase>
<testcase classname="spec.classes.role__puppetserver_on_Ubuntu-14" name="role::puppetserver using fact set Ubuntu-14.04-64 is expected to compile into a catalogue without dependency cycles" file="./spec/classes/role__puppetserver_on_Ubuntu-14.04-64_spec.rb" time="0.254083"><failure message="error during compilation: Evaluation Error: Error while evaluating a Function Call, Operating System : 14.04 not supported (file: /Users/christopher.lawrence/projects/control-repo/.onceover/etc/puppetlabs/code/environments/production/modules/ssh/manifests/init.pp, line: 332, column: 20) on node christophers-macbook-pro.local" type="RSpec::Expectations::ExpectationNotMetError">Failure/Error: it { should compile }
  error during compilation: Evaluation Error: Error while evaluating a Function Call, Operating System : 14.04 not supported (file: /Users/christopher.lawrence/projects/control-repo/.onceover/etc/puppetlabs/code/environments/production/modules/ssh/manifests/init.pp, line: 332, column: 20) on node christophers-macbook-pro.local
./spec/classes/role__puppetserver_on_Ubuntu-14.04-64_spec.rb:37:in `block (3 levels) in &lt;top (required)&gt;&apos;</failure></testcase>
<testcase classname="spec.classes.role__puppetserver_on_Ubuntu-18" name="role::puppetserver using fact set Ubuntu-18.04-64 is expected to compile into a catalogue without dependency cycles" file="./spec/classes/role__puppetserver_on_Ubuntu-18.04-64_spec.rb" time="0.246114"><failure message="error during compilation: Evaluation Error: Error while evaluating a Resource Statement, Unknown resource type: &apos;sshkey&apos; (file: /Users/christopher.lawrence/projects/control-repo/.onceover/etc/puppetlabs/code/environments/production/modules/ssh/manifests/init.pp, line: 1089, column: 3) on node christophers-macbook-pro.local" type="RSpec::Expectations::ExpectationNotMetError">Failure/Error: it { should compile }
  error during compilation: Evaluation Error: Error while evaluating a Resource Statement, Unknown resource type: &apos;sshkey&apos; (file: /Users/christopher.lawrence/projects/control-repo/.onceover/etc/puppetlabs/code/environments/production/modules/ssh/manifests/init.pp, line: 1089, column: 3) on node christophers-macbook-pro.local
./spec/classes/role__puppetserver_on_Ubuntu-18.04-64_spec.rb:37:in `block (3 levels) in &lt;top (required)&gt;&apos;</failure></testcase>
<testcase classname="spec.classes.role__puppetserver_on_Windows_Server-2008r2-64_spec" name="role::puppetserver using fact set Windows_Server-2008r2-64 is expected to compile into a catalogue without dependency cycles" file="./spec/classes/role__puppetserver_on_Windows_Server-2008r2-64_spec.rb" time="0.132762"><failure message="error during compilation: Evaluation Error: Error while evaluating a Resource Statement, Class[Resolv_conf]: expects a value for parameter &apos;config_file&apos; (file: /Users/christopher.lawrence/projects/control-repo/.onceover/etc/puppetlabs/code/environments/production/site-modules/profile/manifests/base/resolv.pp, line: 12, column: 3) on node christophers-macbook-pro.local" type="RSpec::Expectations::ExpectationNotMetError">Failure/Error: it { should compile }
  error during compilation: Evaluation Error: Error while evaluating a Resource Statement, Class[Resolv_conf]: expects a value for parameter &apos;config_file&apos; (file: /Users/christopher.lawrence/projects/control-repo/.onceover/etc/puppetlabs/code/environments/production/site-modules/profile/manifests/base/resolv.pp, line: 12, column: 3) on node christophers-macbook-pro.local
./spec/classes/role__puppetserver_on_Windows_Server-2008r2-64_spec.rb:37:in `block (3 levels) in &lt;top (required)&gt;&apos;</failure></testcase>
<testcase classname="spec.classes.role__puppetserver_on_Windows_Server-2012r2-64_spec" name="role::puppetserver using fact set Windows_Server-2012r2-64 is expected to compile into a catalogue without dependency cycles" file="./spec/classes/role__puppetserver_on_Windows_Server-2012r2-64_spec.rb" time="0.122689"><failure message="error during compilation: Evaluation Error: Error while evaluating a Resource Statement, Class[Resolv_conf]: expects a value for parameter &apos;config_file&apos; (file: /Users/christopher.lawrence/projects/control-repo/.onceover/etc/puppetlabs/code/environments/production/site-modules/profile/manifests/base/resolv.pp, line: 12, column: 3) on node christophers-macbook-pro.local" type="RSpec::Expectations::ExpectationNotMetError">Failure/Error: it { should compile }
  error during compilation: Evaluation Error: Error while evaluating a Resource Statement, Class[Resolv_conf]: expects a value for parameter &apos;config_file&apos; (file: /Users/christopher.lawrence/projects/control-repo/.onceover/etc/puppetlabs/code/environments/production/site-modules/profile/manifests/base/resolv.pp, line: 12, column: 3) on node christophers-macbook-pro.local
./spec/classes/role__puppetserver_on_Windows_Server-2012r2-64_spec.rb:37:in `block (3 levels) in &lt;top (required)&gt;&apos;</failure></testcase>
<testcase classname="spec.classes.role__puppetserver_on_solaris-10_u9-sparc-64_spec" name="role::puppetserver using fact set solaris-10_u9-sparc-64 is expected to compile into a catalogue without dependency cycles" file="./spec/classes/role__puppetserver_on_solaris-10_u9-sparc-64_spec.rb" time="0.256414"><failure message="error during compilation: Evaluation Error: Error while evaluating a Resource Statement, Unknown resource type: &apos;sshkey&apos; (file: /Users/christopher.lawrence/projects/control-repo/.onceover/etc/puppetlabs/code/environments/production/modules/ssh/manifests/init.pp, line: 1089, column: 3) on node christophers-macbook-pro.local" type="RSpec::Expectations::ExpectationNotMetError">Failure/Error: it { should compile }
  error during compilation: Evaluation Error: Error while evaluating a Resource Statement, Unknown resource type: &apos;sshkey&apos; (file: /Users/christopher.lawrence/projects/control-repo/.onceover/etc/puppetlabs/code/environments/production/modules/ssh/manifests/init.pp, line: 1089, column: 3) on node christophers-macbook-pro.local
./spec/classes/role__puppetserver_on_solaris-10_u9-sparc-64_spec.rb:37:in `block (3 levels) in &lt;top (required)&gt;&apos;</failure></testcase>
<testcase classname="spec.classes.role__puppetserver_on_solaris-11" name="role::puppetserver using fact set solaris-11.2-sparc-64 is expected to compile into a catalogue without dependency cycles" file="./spec/classes/role__puppetserver_on_solaris-11.2-sparc-64_spec.rb" time="0.295290"><failure message="error during compilation: Evaluation Error: Error while evaluating a Resource Statement, Unknown resource type: &apos;sshkey&apos; (file: /Users/christopher.lawrence/projects/control-repo/.onceover/etc/puppetlabs/code/environments/production/modules/ssh/manifests/init.pp, line: 1089, column: 3) on node christophers-macbook-pro.local" type="RSpec::Expectations::ExpectationNotMetError">Failure/Error: it { should compile }
  error during compilation: Evaluation Error: Error while evaluating a Resource Statement, Unknown resource type: &apos;sshkey&apos; (file: /Users/christopher.lawrence/projects/control-repo/.onceover/etc/puppetlabs/code/environments/production/modules/ssh/manifests/init.pp, line: 1089, column: 3) on node christophers-macbook-pro.local
./spec/classes/role__puppetserver_on_solaris-11.2-sparc-64_spec.rb:37:in `block (3 levels) in &lt;top (required)&gt;&apos;</failure></testcase>
<testcase classname="spec.classes.role__puppetserver_on_windows-10-64_spec" name="role::puppetserver using fact set windows-10-64 is expected to compile into a catalogue without dependency cycles" file="./spec/classes/role__puppetserver_on_windows-10-64_spec.rb" time="0.130458"><failure message="error during compilation: Evaluation Error: Error while evaluating a Resource Statement, Class[Resolv_conf]: expects a value for parameter &apos;config_file&apos; (file: /Users/christopher.lawrence/projects/control-repo/.onceover/etc/puppetlabs/code/environments/production/site-modules/profile/manifests/base/resolv.pp, line: 12, column: 3) on node christophers-macbook-pro.local" type="RSpec::Expectations::ExpectationNotMetError">Failure/Error: it { should compile }
  error during compilation: Evaluation Error: Error while evaluating a Resource Statement, Class[Resolv_conf]: expects a value for parameter &apos;config_file&apos; (file: /Users/christopher.lawrence/projects/control-repo/.onceover/etc/puppetlabs/code/environments/production/site-modules/profile/manifests/base/resolv.pp, line: 12, column: 3) on node christophers-macbook-pro.local
./spec/classes/role__puppetserver_on_windows-10-64_spec.rb:37:in `block (3 levels) in &lt;top (required)&gt;&apos;</failure></testcase>
<testcase classname="spec.classes.role__windows_on_AIX-6" name="role::windows using fact set AIX-6.1-powerpc is expected to compile into a catalogue without dependency cycles" file="./spec/classes/role__windows_on_AIX-6.1-powerpc_spec.rb" time="0.122318"></testcase>
<testcase classname="spec.classes.role__windows_on_AIX-7" name="role::windows using fact set AIX-7.1-powerpc is expected to compile into a catalogue without dependency cycles" file="./spec/classes/role__windows_on_AIX-7.1-powerpc_spec.rb" time="0.061775"></testcase>
<testcase classname="spec.classes.role__windows_on_Amazon-2018" name="role::windows using fact set Amazon-2018.03 is expected to compile into a catalogue without dependency cycles" file="./spec/classes/role__windows_on_Amazon-2018.03_spec.rb" time="0.066792"></testcase>
<testcase classname="spec.classes.role__windows_on_CentOS-5" name="role::windows using fact set CentOS-5.11-32 is expected to compile into a catalogue without dependency cycles" file="./spec/classes/role__windows_on_CentOS-5.11-32_spec.rb" time="0.047574"></testcase>
<testcase classname="spec.classes.role__windows_on_CentOS-5" name="role::windows using fact set CentOS-5.11-64 is expected to compile into a catalogue without dependency cycles" file="./spec/classes/role__windows_on_CentOS-5.11-64_spec.rb" time="0.062939"></testcase>
<testcase classname="spec.classes.role__windows_on_CentOS-6" name="role::windows using fact set CentOS-6.6-32 is expected to compile into a catalogue without dependency cycles" file="./spec/classes/role__windows_on_CentOS-6.6-32_spec.rb" time="0.048234"></testcase>
<testcase classname="spec.classes.role__windows_on_CentOS-6" name="role::windows using fact set CentOS-6.6-64 is expected to compile into a catalogue without dependency cycles" file="./spec/classes/role__windows_on_CentOS-6.6-64_spec.rb" time="0.062522"></testcase>
<testcase classname="spec.classes.role__windows_on_CentOS-7" name="role::windows using fact set CentOS-7.0-64 is expected to compile into a catalogue without dependency cycles" file="./spec/classes/role__windows_on_CentOS-7.0-64_spec.rb" time="0.049595"></testcase>
<testcase classname="spec.classes.role__windows_on_Debian-6" name="role::windows using fact set Debian-6.0.10-32 is expected to compile into a catalogue without dependency cycles" file="./spec/classes/role__windows_on_Debian-6.0.10-32_spec.rb" time="0.061875"></testcase>
<testcase classname="spec.classes.role__windows_on_Debian-6" name="role::windows using fact set Debian-6.0.10-64 is expected to compile into a catalogue without dependency cycles" file="./spec/classes/role__windows_on_Debian-6.0.10-64_spec.rb" time="0.059311"></testcase>
<testcase classname="spec.classes.role__windows_on_Debian-7" name="role::windows using fact set Debian-7.8-32 is expected to compile into a catalogue without dependency cycles" file="./spec/classes/role__windows_on_Debian-7.8-32_spec.rb" time="0.050456"></testcase>
<testcase classname="spec.classes.role__windows_on_Debian-7" name="role::windows using fact set Debian-7.8-64 is expected to compile into a catalogue without dependency cycles" file="./spec/classes/role__windows_on_Debian-7.8-64_spec.rb" time="0.061342"></testcase>
<testcase classname="spec.classes.role__windows_on_RHEL-6" name="role::windows using fact set RHEL-6.7 is expected to compile into a catalogue without dependency cycles" file="./spec/classes/role__windows_on_RHEL-6.7_spec.rb" time="0.115017"></testcase>
<testcase classname="spec.classes.role__windows_on_RHEL-7" name="role::windows using fact set RHEL-7.4 is expected to compile into a catalogue without dependency cycles" file="./spec/classes/role__windows_on_RHEL-7.4_spec.rb" time="0.050566"></testcase>
<testcase classname="spec.classes.role__windows_on_SLES-11" name="role::windows using fact set SLES-11.3-64 is expected to compile into a catalogue without dependency cycles" file="./spec/classes/role__windows_on_SLES-11.3-64_spec.rb" time="0.060424"></testcase>
<testcase classname="spec.classes.role__windows_on_SLES-12" name="role::windows using fact set SLES-12.1-64 is expected to compile into a catalogue without dependency cycles" file="./spec/classes/role__windows_on_SLES-12.1-64_spec.rb" time="0.050191"></testcase>
<testcase classname="spec.classes.role__windows_on_Ubuntu-12" name="role::windows using fact set Ubuntu-12.04-32 is expected to compile into a catalogue without dependency cycles" file="./spec/classes/role__windows_on_Ubuntu-12.04-32_spec.rb" time="0.060012"></testcase>
<testcase classname="spec.classes.role__windows_on_Ubuntu-12" name="role::windows using fact set Ubuntu-12.04-64 is expected to compile into a catalogue without dependency cycles" file="./spec/classes/role__windows_on_Ubuntu-12.04-64_spec.rb" time="0.061048"></testcase>
<testcase classname="spec.classes.role__windows_on_Ubuntu-14" name="role::windows using fact set Ubuntu-14.04-32 is expected to compile into a catalogue without dependency cycles" file="./spec/classes/role__windows_on_Ubuntu-14.04-32_spec.rb" time="0.050437"></testcase>
<testcase classname="spec.classes.role__windows_on_Ubuntu-14" name="role::windows using fact set Ubuntu-14.04-64 is expected to compile into a catalogue without dependency cycles" file="./spec/classes/role__windows_on_Ubuntu-14.04-64_spec.rb" time="0.081411"></testcase>
<testcase classname="spec.classes.role__windows_on_Ubuntu-18" name="role::windows using fact set Ubuntu-18.04-64 is expected to compile into a catalogue without dependency cycles" file="./spec/classes/role__windows_on_Ubuntu-18.04-64_spec.rb" time="0.095244"></testcase>
<testcase classname="spec.classes.role__windows_on_Windows_Server-2008r2-64_spec" name="role::windows using fact set Windows_Server-2008r2-64 is expected to compile into a catalogue without dependency cycles" file="./spec/classes/role__windows_on_Windows_Server-2008r2-64_spec.rb" time="0.050341"></testcase>
<testcase classname="spec.classes.role__windows_on_Windows_Server-2012r2-64_spec" name="role::windows using fact set Windows_Server-2012r2-64 is expected to compile into a catalogue without dependency cycles" file="./spec/classes/role__windows_on_Windows_Server-2012r2-64_spec.rb" time="0.059529"></testcase>
<testcase classname="spec.classes.role__windows_on_solaris-10_u9-sparc-64_spec" name="role::windows using fact set solaris-10_u9-sparc-64 is expected to compile into a catalogue without dependency cycles" file="./spec/classes/role__windows_on_solaris-10_u9-sparc-64_spec.rb" time="0.063502"></testcase>
<testcase classname="spec.classes.role__windows_on_solaris-11" name="role::windows using fact set solaris-11.2-sparc-64 is expected to compile into a catalogue without dependency cycles" file="./spec/classes/role__windows_on_solaris-11.2-sparc-64_spec.rb" time="0.051567"></testcase>
<testcase classname="spec.classes.role__windows_on_windows-10-64_spec" name="role::windows using fact set windows-10-64 is expected to compile into a catalogue without dependency cycles" file="./spec/classes/role__windows_on_windows-10-64_spec.rb" time="0.050004"></testcase>
</testsuite>
